<?xml version="1.0" encoding="UTF-8"?>
<coverage generated="1776173326431" clover="3.2.0">
  <project timestamp="1776173326432" name="All files">
    <metrics statements="179" coveredstatements="179" conditionals="123" coveredconditionals="113" methods="56" coveredmethods="56" elements="358" coveredelements="348" complexity="0" loc="179" ncloc="179" packages="4" files="9" classes="9"/>
    <package name=".claude.worktrees.cranky-aryabhata.sport-teams.lib">
      <metrics statements="27" coveredstatements="27" conditionals="11" coveredconditionals="9" methods="8" coveredmethods="8"/>
      <file name="algo-equilibrage.ts" path="D:\mhcn_app\teambuilder\sport-teams\.claude\worktrees\cranky-aryabhata\sport-teams\lib\algo-equilibrage.ts">
        <metrics statements="27" coveredstatements="27" conditionals="11" coveredconditionals="9" methods="8" coveredmethods="8"/>
        <line num="15" count="7" type="cond" truecount="1" falsecount="0"/>
        <line num="17" count="7" type="cond" truecount="2" falsecount="0"/>
        <line num="18" count="1" type="stmt"/>
        <line num="22" count="6" type="stmt"/>
        <line num="23" count="75" type="stmt"/>
        <line num="27" count="6" type="cond" truecount="2" falsecount="0"/>
        <line num="28" count="2" type="stmt"/>
        <line num="32" count="13" type="stmt"/>
        <line num="39" count="6" type="stmt"/>
        <line num="40" count="60" type="stmt"/>
        <line num="41" count="72" type="cond" truecount="2" falsecount="0"/>
        <line num="43" count="60" type="stmt"/>
        <line num="44" count="60" type="stmt"/>
        <line num="47" count="6" type="stmt"/>
        <line num="49" count="6" type="stmt"/>
        <line num="53" count="8" type="cond" truecount="1" falsecount="1"/>
        <line num="55" count="17" type="stmt"/>
        <line num="56" count="8" type="stmt"/>
        <line num="57" count="8" type="stmt"/>
        <line num="58" count="17" type="stmt"/>
        <line num="60" count="8" type="cond" truecount="1" falsecount="1"/>
        <line num="62" count="8" type="stmt"/>
        <line num="67" count="2" type="stmt"/>
        <line num="68" count="2" type="stmt"/>
        <line num="69" count="18" type="stmt"/>
        <line num="70" count="18" type="stmt"/>
        <line num="72" count="2" type="stmt"/>
      </file>
    </package>
    <package name=".claude.worktrees.epic-archimedes.sport-teams.lib">
      <metrics statements="59" coveredstatements="59" conditionals="26" coveredconditionals="26" methods="20" coveredmethods="20"/>
      <file name="algo-equilibrage.ts" path="D:\mhcn_app\teambuilder\sport-teams\.claude\worktrees\epic-archimedes\sport-teams\lib\algo-equilibrage.ts">
        <metrics statements="28" coveredstatements="28" conditionals="14" coveredconditionals="14" methods="8" coveredmethods="8"/>
        <line num="15" count="30" type="cond" truecount="1" falsecount="0"/>
        <line num="17" count="30" type="cond" truecount="2" falsecount="0"/>
        <line num="18" count="3" type="stmt"/>
        <line num="22" count="27" type="stmt"/>
        <line num="23" count="5088" type="stmt"/>
        <line num="27" count="27" type="cond" truecount="2" falsecount="0"/>
        <line num="28" count="12" type="stmt"/>
        <line num="32" count="63" type="stmt"/>
        <line num="39" count="27" type="stmt"/>
        <line num="40" count="915" type="stmt"/>
        <line num="41" count="2157" type="cond" truecount="2" falsecount="0"/>
        <line num="43" count="915" type="stmt"/>
        <line num="44" count="915" type="stmt"/>
        <line num="47" count="27" type="stmt"/>
        <line num="49" count="27" type="stmt"/>
        <line num="53" count="37" type="cond" truecount="2" falsecount="0"/>
        <line num="55" count="80" type="stmt"/>
        <line num="56" count="36" type="stmt"/>
        <line num="57" count="36" type="stmt"/>
        <line num="58" count="80" type="stmt"/>
        <line num="60" count="36" type="cond" truecount="5" falsecount="0"/>
        <line num="62" count="32" type="stmt"/>
        <line num="63" count="32" type="stmt"/>
        <line num="68" count="12" type="stmt"/>
        <line num="69" count="12" type="stmt"/>
        <line num="70" count="208" type="stmt"/>
        <line num="71" count="208" type="stmt"/>
        <line num="73" count="12" type="stmt"/>
      </file>
      <file name="cache.ts" path="D:\mhcn_app\teambuilder\sport-teams\.claude\worktrees\epic-archimedes\sport-teams\lib\cache.ts">
        <metrics statements="10" coveredstatements="10" conditionals="6" coveredconditionals="6" methods="4" coveredmethods="4"/>
        <line num="1" count="1" type="stmt"/>
        <line num="2" count="1" type="stmt"/>
        <line num="5" count="22" type="stmt"/>
        <line num="6" count="22" type="cond" truecount="2" falsecount="0"/>
        <line num="7" count="14" type="cond" truecount="2" falsecount="0"/>
        <line num="8" count="13" type="stmt"/>
        <line num="12" count="22" type="stmt"/>
        <line num="16" count="4" type="stmt"/>
        <line num="17" count="7" type="cond" truecount="2" falsecount="0"/>
        <line num="22" count="17" type="stmt"/>
      </file>
      <file name="responsive.ts" path="D:\mhcn_app\teambuilder\sport-teams\.claude\worktrees\epic-archimedes\sport-teams\lib\responsive.ts">
        <metrics statements="19" coveredstatements="19" conditionals="6" coveredconditionals="6" methods="8" coveredmethods="8"/>
        <line num="4" count="5" type="stmt"/>
        <line num="5" count="5" type="stmt"/>
        <line num="8" count="9" type="stmt"/>
        <line num="9" count="9" type="stmt"/>
        <line num="10" count="9" type="stmt"/>
        <line num="11" count="9" type="stmt"/>
        <line num="14" count="5" type="stmt"/>
        <line num="17" count="5" type="stmt"/>
        <line num="18" count="4" type="stmt"/>
        <line num="23" count="4" type="stmt"/>
        <line num="34" count="8" type="cond" truecount="2" falsecount="0"/>
        <line num="35" count="4" type="stmt"/>
        <line num="36" count="4" type="stmt"/>
        <line num="44" count="4" type="cond" truecount="2" falsecount="0"/>
        <line num="45" count="2" type="stmt"/>
        <line num="46" count="2" type="stmt"/>
        <line num="51" count="1" type="stmt"/>
        <line num="56" count="1" type="stmt"/>
        <line num="65" count="3" type="cond" truecount="2" falsecount="0"/>
      </file>
      <file name="theme-colors.ts" path="D:\mhcn_app\teambuilder\sport-teams\.claude\worktrees\epic-archimedes\sport-teams\lib\theme-colors.ts">
        <metrics statements="2" coveredstatements="2" conditionals="0" coveredconditionals="0" methods="0" coveredmethods="0"/>
        <line num="6" count="1" type="stmt"/>
        <line num="25" count="1" type="stmt"/>
      </file>
    </package>
    <package name=".claude.worktrees.practical-dewdney.sport-teams.lib">
      <metrics statements="27" coveredstatements="27" conditionals="11" coveredconditionals="9" methods="8" coveredmethods="8"/>
      <file name="algo-equilibrage.ts" path="D:\mhcn_app\teambuilder\sport-teams\.claude\worktrees\practical-dewdney\sport-teams\lib\algo-equilibrage.ts">
        <metrics statements="27" coveredstatements="27" conditionals="11" coveredconditionals="9" methods="8" coveredmethods="8"/>
        <line num="15" count="7" type="cond" truecount="1" falsecount="0"/>
        <line num="17" count="7" type="cond" truecount="2" falsecount="0"/>
        <line num="18" count="1" type="stmt"/>
        <line num="22" count="6" type="stmt"/>
        <line num="23" count="73" type="stmt"/>
        <line num="27" count="6" type="cond" truecount="2" falsecount="0"/>
        <line num="28" count="2" type="stmt"/>
        <line num="32" count="13" type="stmt"/>
        <line num="39" count="6" type="stmt"/>
        <line num="40" count="60" type="stmt"/>
        <line num="41" count="72" type="cond" truecount="2" falsecount="0"/>
        <line num="43" count="60" type="stmt"/>
        <line num="44" count="60" type="stmt"/>
        <line num="47" count="6" type="stmt"/>
        <line num="49" count="6" type="stmt"/>
        <line num="53" count="8" type="cond" truecount="1" falsecount="1"/>
        <line num="55" count="17" type="stmt"/>
        <line num="56" count="8" type="stmt"/>
        <line num="57" count="8" type="stmt"/>
        <line num="58" count="17" type="stmt"/>
        <line num="60" count="8" type="cond" truecount="1" falsecount="1"/>
        <line num="62" count="8" type="stmt"/>
        <line num="67" count="2" type="stmt"/>
        <line num="68" count="2" type="stmt"/>
        <line num="69" count="18" type="stmt"/>
        <line num="70" count="18" type="stmt"/>
        <line num="72" count="2" type="stmt"/>
      </file>
    </package>
    <package name="lib">
      <metrics statements="66" coveredstatements="66" conditionals="75" coveredconditionals="69" methods="20" coveredmethods="20"/>
      <file name="algo-equilibrage.ts" path="D:\mhcn_app\teambuilder\sport-teams\lib\algo-equilibrage.ts">
        <metrics statements="27" coveredstatements="27" conditionals="11" coveredconditionals="9" methods="8" coveredmethods="8"/>
        <line num="15" count="7" type="cond" truecount="1" falsecount="0"/>
        <line num="17" count="7" type="cond" truecount="2" falsecount="0"/>
        <line num="18" count="1" type="stmt"/>
        <line num="22" count="6" type="stmt"/>
        <line num="23" count="72" type="stmt"/>
        <line num="27" count="6" type="cond" truecount="2" falsecount="0"/>
        <line num="28" count="2" type="stmt"/>
        <line num="32" count="13" type="stmt"/>
        <line num="39" count="6" type="stmt"/>
        <line num="40" count="60" type="stmt"/>
        <line num="41" count="72" type="cond" truecount="2" falsecount="0"/>
        <line num="43" count="60" type="stmt"/>
        <line num="44" count="60" type="stmt"/>
        <line num="47" count="6" type="stmt"/>
        <line num="49" count="6" type="stmt"/>
        <line num="53" count="8" type="cond" truecount="1" falsecount="1"/>
        <line num="55" count="17" type="stmt"/>
        <line num="56" count="8" type="stmt"/>
        <line num="57" count="8" type="stmt"/>
        <line num="58" count="17" type="stmt"/>
        <line num="60" count="8" type="cond" truecount="1" falsecount="1"/>
        <line num="62" count="8" type="stmt"/>
        <line num="67" count="2" type="stmt"/>
        <line num="68" count="2" type="stmt"/>
        <line num="69" count="18" type="stmt"/>
        <line num="70" count="18" type="stmt"/>
        <line num="72" count="2" type="stmt"/>
      </file>
      <file name="theme-colors.ts" path="D:\mhcn_app\teambuilder\sport-teams\lib\theme-colors.ts">
        <metrics statements="2" coveredstatements="2" conditionals="0" coveredconditionals="0" methods="0" coveredmethods="0"/>
        <line num="6" count="1" type="stmt"/>
        <line num="25" count="1" type="stmt"/>
      </file>
      <file name="validation.ts" path="D:\mhcn_app\teambuilder\sport-teams\lib\validation.ts">
        <metrics statements="37" coveredstatements="37" conditionals="64" coveredconditionals="60" methods="12" coveredmethods="12"/>
        <line num="15" count="1" type="stmt"/>
        <line num="29" count="47" type="cond" truecount="2" falsecount="0"/>
        <line num="30" count="43" type="stmt"/>
        <line num="42" count="36" type="stmt"/>
        <line num="43" count="36" type="cond" truecount="2" falsecount="0"/>
        <line num="44" count="29" type="stmt"/>
        <line num="50" count="15" type="cond" truecount="3" falsecount="1"/>
        <line num="51" count="15" type="stmt"/>
        <line num="52" count="15" type="stmt"/>
        <line num="62" count="20" type="cond" truecount="3" falsecount="1"/>
        <line num="63" count="20" type="stmt"/>
        <line num="64" count="20" type="stmt"/>
        <line num="77" count="11" type="cond" truecount="4" falsecount="0"/>
        <line num="78" count="9" type="stmt"/>
        <line num="79" count="9" type="stmt"/>
        <line num="97" count="14" type="stmt"/>
        <line num="98" count="14" type="cond" truecount="4" falsecount="0"/>
        <line num="99" count="10" type="cond" truecount="2" falsecount="0"/>
        <line num="100" count="1" type="stmt"/>
        <line num="101" count="1" type="stmt"/>
        <line num="103" count="9" type="stmt"/>
        <line num="104" count="7" type="cond" truecount="2" falsecount="0"/>
        <line num="105" count="5" type="stmt"/>
        <line num="107" count="5" type="cond" truecount="2" falsecount="0"/>
        <line num="108" count="2" type="stmt"/>
        <line num="110" count="2" type="stmt"/>
        <line num="118" count="9" type="stmt"/>
        <line num="129" count="8" type="stmt"/>
        <line num="133" count="8" type="stmt"/>
        <line num="149" count="6" type="stmt"/>
        <line num="150" count="6" type="cond" truecount="2" falsecount="0"/>
        <line num="151" count="4" type="cond" truecount="2" falsecount="0"/>
        <line num="152" count="3" type="stmt"/>
        <line num="159" count="4" type="stmt"/>
        <line num="160" count="4" type="cond" truecount="2" falsecount="0"/>
        <line num="161" count="2" type="cond" truecount="2" falsecount="0"/>
        <line num="162" count="1" type="stmt"/>
      </file>
    </package>
  </project>
</coverage>
