<?xml version="1.0" encoding="UTF-8"?>
<coverage generated="1776014298107" clover="3.2.0">
  <project timestamp="1776014298108" name="All files">
    <metrics statements="83" coveredstatements="83" conditionals="33" coveredconditionals="27" methods="24" coveredmethods="24" elements="140" coveredelements="134" complexity="0" loc="83" ncloc="83" packages="3" files="4" classes="4"/>
    <package name=".claude.worktrees.cranky-aryabhata.sport-teams.lib">
      <metrics statements="27" coveredstatements="27" conditionals="11" coveredconditionals="9" methods="8" coveredmethods="8"/>
      <file name="algo-equilibrage.ts" path="D:\mhcn_app\teambuilder\sport-teams\.claude\worktrees\cranky-aryabhata\sport-teams\lib\algo-equilibrage.ts">
        <metrics statements="27" coveredstatements="27" conditionals="11" coveredconditionals="9" methods="8" coveredmethods="8"/>
        <line num="15" count="7" type="cond" truecount="1" falsecount="0"/>
        <line num="17" count="7" type="cond" truecount="2" falsecount="0"/>
        <line num="18" count="1" type="stmt"/>
        <line num="22" count="6" type="stmt"/>
        <line num="23" count="73" type="stmt"/>
        <line num="27" count="6" type="cond" truecount="2" falsecount="0"/>
        <line num="28" count="2" type="stmt"/>
        <line num="32" count="13" type="stmt"/>
        <line num="39" count="6" type="stmt"/>
        <line num="40" count="60" type="stmt"/>
        <line num="41" count="72" type="cond" truecount="2" falsecount="0"/>
        <line num="43" count="60" type="stmt"/>
        <line num="44" count="60" type="stmt"/>
        <line num="47" count="6" type="stmt"/>
        <line num="49" count="6" type="stmt"/>
        <line num="53" count="8" type="cond" truecount="1" falsecount="1"/>
        <line num="55" count="17" type="stmt"/>
        <line num="56" count="8" type="stmt"/>
        <line num="57" count="8" type="stmt"/>
        <line num="58" count="17" type="stmt"/>
        <line num="60" count="8" type="cond" truecount="1" falsecount="1"/>
        <line num="62" count="8" type="stmt"/>
        <line num="67" count="2" type="stmt"/>
        <line num="68" count="2" type="stmt"/>
        <line num="69" count="18" type="stmt"/>
        <line num="70" count="18" type="stmt"/>
        <line num="72" count="2" type="stmt"/>
      </file>
    </package>
    <package name=".claude.worktrees.practical-dewdney.sport-teams.lib">
      <metrics statements="27" coveredstatements="27" conditionals="11" coveredconditionals="9" methods="8" coveredmethods="8"/>
      <file name="algo-equilibrage.ts" path="D:\mhcn_app\teambuilder\sport-teams\.claude\worktrees\practical-dewdney\sport-teams\lib\algo-equilibrage.ts">
        <metrics statements="27" coveredstatements="27" conditionals="11" coveredconditionals="9" methods="8" coveredmethods="8"/>
        <line num="15" count="7" type="cond" truecount="1" falsecount="0"/>
        <line num="17" count="7" type="cond" truecount="2" falsecount="0"/>
        <line num="18" count="1" type="stmt"/>
        <line num="22" count="6" type="stmt"/>
        <line num="23" count="73" type="stmt"/>
        <line num="27" count="6" type="cond" truecount="2" falsecount="0"/>
        <line num="28" count="2" type="stmt"/>
        <line num="32" count="13" type="stmt"/>
        <line num="39" count="6" type="stmt"/>
        <line num="40" count="60" type="stmt"/>
        <line num="41" count="72" type="cond" truecount="2" falsecount="0"/>
        <line num="43" count="60" type="stmt"/>
        <line num="44" count="60" type="stmt"/>
        <line num="47" count="6" type="stmt"/>
        <line num="49" count="6" type="stmt"/>
        <line num="53" count="8" type="cond" truecount="1" falsecount="1"/>
        <line num="55" count="17" type="stmt"/>
        <line num="56" count="8" type="stmt"/>
        <line num="57" count="8" type="stmt"/>
        <line num="58" count="17" type="stmt"/>
        <line num="60" count="8" type="cond" truecount="1" falsecount="1"/>
        <line num="62" count="8" type="stmt"/>
        <line num="67" count="2" type="stmt"/>
        <line num="68" count="2" type="stmt"/>
        <line num="69" count="18" type="stmt"/>
        <line num="70" count="18" type="stmt"/>
        <line num="72" count="2" type="stmt"/>
      </file>
    </package>
    <package name="lib">
      <metrics statements="29" coveredstatements="29" conditionals="11" coveredconditionals="9" methods="8" coveredmethods="8"/>
      <file name="algo-equilibrage.ts" path="D:\mhcn_app\teambuilder\sport-teams\lib\algo-equilibrage.ts">
        <metrics statements="27" coveredstatements="27" conditionals="11" coveredconditionals="9" methods="8" coveredmethods="8"/>
        <line num="15" count="7" type="cond" truecount="1" falsecount="0"/>
        <line num="17" count="7" type="cond" truecount="2" falsecount="0"/>
        <line num="18" count="1" type="stmt"/>
        <line num="22" count="6" type="stmt"/>
        <line num="23" count="70" type="stmt"/>
        <line num="27" count="6" type="cond" truecount="2" falsecount="0"/>
        <line num="28" count="2" type="stmt"/>
        <line num="32" count="13" type="stmt"/>
        <line num="39" count="6" type="stmt"/>
        <line num="40" count="60" type="stmt"/>
        <line num="41" count="72" type="cond" truecount="2" falsecount="0"/>
        <line num="43" count="60" type="stmt"/>
        <line num="44" count="60" type="stmt"/>
        <line num="47" count="6" type="stmt"/>
        <line num="49" count="6" type="stmt"/>
        <line num="53" count="8" type="cond" truecount="1" falsecount="1"/>
        <line num="55" count="17" type="stmt"/>
        <line num="56" count="8" type="stmt"/>
        <line num="57" count="8" type="stmt"/>
        <line num="58" count="17" type="stmt"/>
        <line num="60" count="8" type="cond" truecount="1" falsecount="1"/>
        <line num="62" count="8" type="stmt"/>
        <line num="67" count="2" type="stmt"/>
        <line num="68" count="2" type="stmt"/>
        <line num="69" count="18" type="stmt"/>
        <line num="70" count="18" type="stmt"/>
        <line num="72" count="2" type="stmt"/>
      </file>
      <file name="theme-colors.ts" path="D:\mhcn_app\teambuilder\sport-teams\lib\theme-colors.ts">
        <metrics statements="2" coveredstatements="2" conditionals="0" coveredconditionals="0" methods="0" coveredmethods="0"/>
        <line num="6" count="1" type="stmt"/>
        <line num="25" count="1" type="stmt"/>
      </file>
    </package>
  </project>
</coverage>
