{"D:\\mhcn_app\\teambuilder\\sport-teams\\.claude\\worktrees\\cranky-aryabhata\\sport-teams\\lib\\algo-equilibrage.ts": {"path":"D:\\mhcn_app\\teambuilder\\sport-teams\\.claude\\worktrees\\cranky-aryabhata\\sport-teams\\lib\\algo-equilibrage.ts","statementMap":{"0":{"start":{"line":15,"column":50},"end":{"line":15,"column":56}},"1":{"start":{"line":17,"column":2},"end":{"line":19,"column":3}},"2":{"start":{"line":18,"column":4},"end":{"line":18,"column":74}},"3":{"start":{"line":22,"column":21},"end":{"line":24,"column":3}},"4":{"start":{"line":23,"column":14},"end":{"line":23,"column":45}},"5":{"start":{"line":27,"column":2},"end":{"line":29,"column":3}},"6":{"start":{"line":28,"column":4},"end":{"line":28,"column":53}},"7":{"start":{"line":32,"column":28},"end":{"line":36,"column":5}},"8":{"start":{"line":32,"column":73},"end":{"line":36,"column":3}},"9":{"start":{"line":39,"column":2},"end":{"line":45,"column":3}},"10":{"start":{"line":40,"column":28},"end":{"line":42,"column":5}},"11":{"start":{"line":41,"column":6},"end":{"line":41,"column":49}},"12":{"start":{"line":43,"column":4},"end":{"line":43,"column":40}},"13":{"start":{"line":44,"column":4},"end":{"line":44,"column":54}},"14":{"start":{"line":47,"column":23},"end":{"line":47,"column":49}},"15":{"start":{"line":49,"column":2},"end":{"line":49,"column":34}},"16":{"start":{"line":53,"column":2},"end":{"line":53,"column":38}},"17":{"start":{"line":53,"column":28},"end":{"line":53,"column":38}},"18":{"start":{"line":55,"column":17},"end":{"line":55,"column":48}},"19":{"start":{"line":55,"column":34},"end":{"line":55,"column":47}},"20":{"start":{"line":56,"column":14},"end":{"line":56,"column":33}},"21":{"start":{"line":57,"column":14},"end":{"line":57,"column":33}},"22":{"start":{"line":58,"column":14},"end":{"line":58,"column":63}},"23":{"start":{"line":58,"column":38},"end":{"line":58,"column":43}},"24":{"start":{"line":60,"column":2},"end":{"line":60,"column":27}},"25":{"start":{"line":60,"column":17},"end":{"line":60,"column":27}},"26":{"start":{"line":62,"column":2},"end":{"line":62,"column":52}},"27":{"start":{"line":67,"column":17},"end":{"line":67,"column":29}},"28":{"start":{"line":68,"column":2},"end":{"line":71,"column":3}},"29":{"start":{"line":68,"column":15},"end":{"line":68,"column":32}},"30":{"start":{"line":69,"column":14},"end":{"line":69,"column":60}},"31":{"start":{"line":70,"column":5},"end":{"line":70,"column":52}},"32":{"start":{"line":72,"column":2},"end":{"line":72,"column":15}}},"fnMap":{"0":{"name":"genererEquipes","decl":{"start":{"line":14,"column":16},"end":{"line":14,"column":30}},"loc":{"start":{"line":14,"column":69},"end":{"line":50,"column":1}},"line":14},"1":{"name":"(anonymous_1)","decl":{"start":{"line":23,"column":4},"end":{"line":23,"column":5}},"loc":{"start":{"line":23,"column":14},"end":{"line":23,"column":45}},"line":23},"2":{"name":"(anonymous_2)","decl":{"start":{"line":32,"column":62},"end":{"line":32,"column":63}},"loc":{"start":{"line":32,"column":73},"end":{"line":36,"column":3}},"line":32},"3":{"name":"(anonymous_3)","decl":{"start":{"line":40,"column":43},"end":{"line":40,"column":44}},"loc":{"start":{"line":41,"column":6},"end":{"line":41,"column":49}},"line":41},"4":{"name":"calculerEquilibre","decl":{"start":{"line":52,"column":16},"end":{"line":52,"column":33}},"loc":{"start":{"line":52,"column":61},"end":{"line":63,"column":1}},"line":52},"5":{"name":"(anonymous_5)","decl":{"start":{"line":55,"column":29},"end":{"line":55,"column":30}},"loc":{"start":{"line":55,"column":34},"end":{"line":55,"column":47}},"line":55},"6":{"name":"(anonymous_6)","decl":{"start":{"line":58,"column":28},"end":{"line":58,"column":29}},"loc":{"start":{"line":58,"column":38},"end":{"line":58,"column":43}},"line":58},"7":{"name":"shuffleAvecVariation","decl":{"start":{"line":65,"column":9},"end":{"line":65,"column":29}},"loc":{"start":{"line":65,"column":59},"end":{"line":73,"column":1}},"line":65}},"branchMap":{"0":{"loc":{"start":{"line":15,"column":30},"end":{"line":15,"column":45}},"type":"default-arg","locations":[{"start":{"line":15,"column":40},"end":{"line":15,"column":45}}],"line":15},"1":{"loc":{"start":{"line":17,"column":2},"end":{"line":19,"column":3}},"type":"if","locations":[{"start":{"line":17,"column":2},"end":{"line":19,"column":3}},{"start":{},"end":{}}],"line":17},"2":{"loc":{"start":{"line":27,"column":2},"end":{"line":29,"column":3}},"type":"if","locations":[{"start":{"line":27,"column":2},"end":{"line":29,"column":3}},{"start":{},"end":{}}],"line":27},"3":{"loc":{"start":{"line":41,"column":6},"end":{"line":41,"column":49}},"type":"cond-expr","locations":[{"start":{"line":41,"column":41},"end":{"line":41,"column":43}},{"start":{"line":41,"column":46},"end":{"line":41,"column":49}}],"line":41},"4":{"loc":{"start":{"line":53,"column":2},"end":{"line":53,"column":38}},"type":"if","locations":[{"start":{"line":53,"column":2},"end":{"line":53,"column":38}},{"start":{},"end":{}}],"line":53},"5":{"loc":{"start":{"line":60,"column":2},"end":{"line":60,"column":27}},"type":"if","locations":[{"start":{"line":60,"column":2},"end":{"line":60,"column":27}},{"start":{},"end":{}}],"line":60}},"s":{"0":7,"1":7,"2":1,"3":6,"4":75,"5":6,"6":2,"7":6,"8":13,"9":6,"10":60,"11":72,"12":60,"13":60,"14":6,"15":6,"16":8,"17":0,"18":8,"19":17,"20":8,"21":8,"22":8,"23":17,"24":8,"25":0,"26":8,"27":2,"28":2,"29":2,"30":18,"31":18,"32":2},"f":{"0":7,"1":75,"2":13,"3":72,"4":8,"5":17,"6":17,"7":2},"b":{"0":[5],"1":[1,6],"2":[2,4],"3":[33,39],"4":[0,8],"5":[0,8]},"_coverageSchema":"1a1c01bbd47fc00a2c39e90264f33305004495a9","hash":"7a3d180d3f42f5bd589162989aeef6828ce3a292"}
,"D:\\mhcn_app\\teambuilder\\sport-teams\\.claude\\worktrees\\epic-archimedes\\sport-teams\\lib\\algo-equilibrage.ts": {"path":"D:\\mhcn_app\\teambuilder\\sport-teams\\.claude\\worktrees\\epic-archimedes\\sport-teams\\lib\\algo-equilibrage.ts","statementMap":{"0":{"start":{"line":15,"column":50},"end":{"line":15,"column":56}},"1":{"start":{"line":17,"column":2},"end":{"line":19,"column":3}},"2":{"start":{"line":18,"column":4},"end":{"line":18,"column":74}},"3":{"start":{"line":22,"column":21},"end":{"line":24,"column":3}},"4":{"start":{"line":23,"column":14},"end":{"line":23,"column":45}},"5":{"start":{"line":27,"column":2},"end":{"line":29,"column":3}},"6":{"start":{"line":28,"column":4},"end":{"line":28,"column":53}},"7":{"start":{"line":32,"column":28},"end":{"line":36,"column":5}},"8":{"start":{"line":32,"column":73},"end":{"line":36,"column":3}},"9":{"start":{"line":39,"column":2},"end":{"line":45,"column":3}},"10":{"start":{"line":40,"column":28},"end":{"line":42,"column":5}},"11":{"start":{"line":41,"column":6},"end":{"line":41,"column":49}},"12":{"start":{"line":43,"column":4},"end":{"line":43,"column":40}},"13":{"start":{"line":44,"column":4},"end":{"line":44,"column":54}},"14":{"start":{"line":47,"column":23},"end":{"line":47,"column":49}},"15":{"start":{"line":49,"column":2},"end":{"line":49,"column":34}},"16":{"start":{"line":53,"column":2},"end":{"line":53,"column":38}},"17":{"start":{"line":53,"column":28},"end":{"line":53,"column":38}},"18":{"start":{"line":55,"column":17},"end":{"line":55,"column":48}},"19":{"start":{"line":55,"column":34},"end":{"line":55,"column":47}},"20":{"start":{"line":56,"column":14},"end":{"line":56,"column":33}},"21":{"start":{"line":57,"column":14},"end":{"line":57,"column":33}},"22":{"start":{"line":58,"column":14},"end":{"line":58,"column":63}},"23":{"start":{"line":58,"column":38},"end":{"line":58,"column":43}},"24":{"start":{"line":60,"column":2},"end":{"line":60,"column":63}},"25":{"start":{"line":60,"column":53},"end":{"line":60,"column":63}},"26":{"start":{"line":62,"column":14},"end":{"line":62,"column":57}},"27":{"start":{"line":63,"column":2},"end":{"line":63,"column":40}},"28":{"start":{"line":68,"column":17},"end":{"line":68,"column":29}},"29":{"start":{"line":69,"column":2},"end":{"line":72,"column":3}},"30":{"start":{"line":69,"column":15},"end":{"line":69,"column":32}},"31":{"start":{"line":70,"column":14},"end":{"line":70,"column":60}},"32":{"start":{"line":71,"column":5},"end":{"line":71,"column":52}},"33":{"start":{"line":73,"column":2},"end":{"line":73,"column":15}}},"fnMap":{"0":{"name":"genererEquipes","decl":{"start":{"line":14,"column":16},"end":{"line":14,"column":30}},"loc":{"start":{"line":14,"column":69},"end":{"line":50,"column":1}},"line":14},"1":{"name":"(anonymous_1)","decl":{"start":{"line":23,"column":4},"end":{"line":23,"column":5}},"loc":{"start":{"line":23,"column":14},"end":{"line":23,"column":45}},"line":23},"2":{"name":"(anonymous_2)","decl":{"start":{"line":32,"column":62},"end":{"line":32,"column":63}},"loc":{"start":{"line":32,"column":73},"end":{"line":36,"column":3}},"line":32},"3":{"name":"(anonymous_3)","decl":{"start":{"line":40,"column":43},"end":{"line":40,"column":44}},"loc":{"start":{"line":41,"column":6},"end":{"line":41,"column":49}},"line":41},"4":{"name":"calculerEquilibre","decl":{"start":{"line":52,"column":16},"end":{"line":52,"column":33}},"loc":{"start":{"line":52,"column":61},"end":{"line":64,"column":1}},"line":52},"5":{"name":"(anonymous_5)","decl":{"start":{"line":55,"column":29},"end":{"line":55,"column":30}},"loc":{"start":{"line":55,"column":34},"end":{"line":55,"column":47}},"line":55},"6":{"name":"(anonymous_6)","decl":{"start":{"line":58,"column":28},"end":{"line":58,"column":29}},"loc":{"start":{"line":58,"column":38},"end":{"line":58,"column":43}},"line":58},"7":{"name":"shuffleAvecVariation","decl":{"start":{"line":66,"column":9},"end":{"line":66,"column":29}},"loc":{"start":{"line":66,"column":59},"end":{"line":74,"column":1}},"line":66}},"branchMap":{"0":{"loc":{"start":{"line":15,"column":30},"end":{"line":15,"column":45}},"type":"default-arg","locations":[{"start":{"line":15,"column":40},"end":{"line":15,"column":45}}],"line":15},"1":{"loc":{"start":{"line":17,"column":2},"end":{"line":19,"column":3}},"type":"if","locations":[{"start":{"line":17,"column":2},"end":{"line":19,"column":3}},{"start":{},"end":{}}],"line":17},"2":{"loc":{"start":{"line":27,"column":2},"end":{"line":29,"column":3}},"type":"if","locations":[{"start":{"line":27,"column":2},"end":{"line":29,"column":3}},{"start":{},"end":{}}],"line":27},"3":{"loc":{"start":{"line":41,"column":6},"end":{"line":41,"column":49}},"type":"cond-expr","locations":[{"start":{"line":41,"column":41},"end":{"line":41,"column":43}},{"start":{"line":41,"column":46},"end":{"line":41,"column":49}}],"line":41},"4":{"loc":{"start":{"line":53,"column":2},"end":{"line":53,"column":38}},"type":"if","locations":[{"start":{"line":53,"column":2},"end":{"line":53,"column":38}},{"start":{},"end":{}}],"line":53},"5":{"loc":{"start":{"line":60,"column":2},"end":{"line":60,"column":63}},"type":"if","locations":[{"start":{"line":60,"column":2},"end":{"line":60,"column":63}},{"start":{},"end":{}}],"line":60},"6":{"loc":{"start":{"line":60,"column":6},"end":{"line":60,"column":51}},"type":"binary-expr","locations":[{"start":{"line":60,"column":6},"end":{"line":60,"column":15}},{"start":{"line":60,"column":19},"end":{"line":60,"column":33}},{"start":{"line":60,"column":37},"end":{"line":60,"column":51}}],"line":60}},"s":{"0":30,"1":30,"2":3,"3":27,"4":5088,"5":27,"6":12,"7":27,"8":63,"9":27,"10":915,"11":2157,"12":915,"13":915,"14":27,"15":27,"16":37,"17":1,"18":36,"19":80,"20":36,"21":36,"22":36,"23":80,"24":36,"25":4,"26":32,"27":32,"28":12,"29":12,"30":12,"31":208,"32":208,"33":12},"f":{"0":30,"1":5088,"2":63,"3":2157,"4":37,"5":80,"6":80,"7":12},"b":{"0":[18],"1":[3,27],"2":[12,15],"3":[835,1322],"4":[1,36],"5":[4,32],"6":[36,34,32]},"_coverageSchema":"1a1c01bbd47fc00a2c39e90264f33305004495a9","hash":"86814dbfb6bfbe6505c54746cf255c6e19cec891"}
,"D:\\mhcn_app\\teambuilder\\sport-teams\\.claude\\worktrees\\epic-archimedes\\sport-teams\\lib\\cache.ts": {"path":"D:\\mhcn_app\\teambuilder\\sport-teams\\.claude\\worktrees\\epic-archimedes\\sport-teams\\lib\\cache.ts","statementMap":{"0":{"start":{"line":1,"column":14},"end":{"line":1,"column":58}},"1":{"start":{"line":2,"column":12},"end":{"line":2,"column":18}},"2":{"start":{"line":5,"column":16},"end":{"line":5,"column":30}},"3":{"start":{"line":6,"column":2},"end":{"line":6,"column":25}},"4":{"start":{"line":6,"column":14},"end":{"line":6,"column":25}},"5":{"start":{"line":7,"column":2},"end":{"line":7,"column":69}},"6":{"start":{"line":7,"column":37},"end":{"line":7,"column":55}},"7":{"start":{"line":7,"column":56},"end":{"line":7,"column":67}},"8":{"start":{"line":8,"column":2},"end":{"line":8,"column":24}},"9":{"start":{"line":12,"column":2},"end":{"line":12,"column":42}},"10":{"start":{"line":16,"column":2},"end":{"line":18,"column":3}},"11":{"start":{"line":17,"column":4},"end":{"line":17,"column":49}},"12":{"start":{"line":17,"column":32},"end":{"line":17,"column":49}},"13":{"start":{"line":22,"column":2},"end":{"line":22,"column":15}}},"fnMap":{"0":{"name":"cacheGet","decl":{"start":{"line":4,"column":16},"end":{"line":4,"column":24}},"loc":{"start":{"line":4,"column":51},"end":{"line":9,"column":1}},"line":4},"1":{"name":"cacheSet","decl":{"start":{"line":11,"column":16},"end":{"line":11,"column":24}},"loc":{"start":{"line":11,"column":49},"end":{"line":13,"column":1}},"line":11},"2":{"name":"cacheInvalidate","decl":{"start":{"line":15,"column":16},"end":{"line":15,"column":31}},"loc":{"start":{"line":15,"column":48},"end":{"line":19,"column":1}},"line":15},"3":{"name":"cacheClear","decl":{"start":{"line":21,"column":16},"end":{"line":21,"column":26}},"loc":{"start":{"line":21,"column":29},"end":{"line":23,"column":1}},"line":21}},"branchMap":{"0":{"loc":{"start":{"line":6,"column":2},"end":{"line":6,"column":25}},"type":"if","locations":[{"start":{"line":6,"column":2},"end":{"line":6,"column":25}},{"start":{},"end":{}}],"line":6},"1":{"loc":{"start":{"line":7,"column":2},"end":{"line":7,"column":69}},"type":"if","locations":[{"start":{"line":7,"column":2},"end":{"line":7,"column":69}},{"start":{},"end":{}}],"line":7},"2":{"loc":{"start":{"line":17,"column":4},"end":{"line":17,"column":49}},"type":"if","locations":[{"start":{"line":17,"column":4},"end":{"line":17,"column":49}},{"start":{},"end":{}}],"line":17}},"s":{"0":1,"1":1,"2":22,"3":22,"4":8,"5":14,"6":1,"7":1,"8":13,"9":22,"10":4,"11":7,"12":5,"13":17},"f":{"0":22,"1":22,"2":4,"3":17},"b":{"0":[8,14],"1":[1,13],"2":[5,2]},"_coverageSchema":"1a1c01bbd47fc00a2c39e90264f33305004495a9","hash":"117ba1951a732c371165767b5aaf527f40387103"}
,"D:\\mhcn_app\\teambuilder\\sport-teams\\.claude\\worktrees\\epic-archimedes\\sport-teams\\lib\\responsive.ts": {"path":"D:\\mhcn_app\\teambuilder\\sport-teams\\.claude\\worktrees\\epic-archimedes\\sport-teams\\lib\\responsive.ts","statementMap":{"0":{"start":{"line":4,"column":19},"end":{"line":4,"column":22}},"1":{"start":{"line":5,"column":26},"end":{"line":5,"column":29}},"2":{"start":{"line":8,"column":28},"end":{"line":8,"column":52}},"3":{"start":{"line":9,"column":20},"end":{"line":9,"column":43}},"4":{"start":{"line":10,"column":19},"end":{"line":10,"column":49}},"5":{"start":{"line":11,"column":2},"end":{"line":11,"column":47}},"6":{"start":{"line":14,"column":14},"end":{"line":14,"column":26}},"7":{"start":{"line":17,"column":0},"end":{"line":19,"column":2}},"8":{"start":{"line":18,"column":2},"end":{"line":18,"column":24}},"9":{"start":{"line":23,"column":2},"end":{"line":23,"column":25}},"10":{"start":{"line":34,"column":2},"end":{"line":34,"column":36}},"11":{"start":{"line":34,"column":25},"end":{"line":34,"column":36}},"12":{"start":{"line":35,"column":16},"end":{"line":35,"column":61}},"13":{"start":{"line":36,"column":2},"end":{"line":36,"column":65}},"14":{"start":{"line":44,"column":2},"end":{"line":44,"column":36}},"15":{"start":{"line":44,"column":25},"end":{"line":44,"column":36}},"16":{"start":{"line":45,"column":16},"end":{"line":45,"column":62}},"17":{"start":{"line":46,"column":2},"end":{"line":46,"column":65}},"18":{"start":{"line":51,"column":2},"end":{"line":51,"column":22}},"19":{"start":{"line":56,"column":2},"end":{"line":56,"column":23}},"20":{"start":{"line":65,"column":2},"end":{"line":65,"column":68}}},"fnMap":{"0":{"name":"getMetrics","decl":{"start":{"line":7,"column":9},"end":{"line":7,"column":19}},"loc":{"start":{"line":7,"column":22},"end":{"line":12,"column":1}},"line":7},"1":{"name":"(anonymous_1)","decl":{"start":{"line":17,"column":38},"end":{"line":17,"column":39}},"loc":{"start":{"line":17,"column":44},"end":{"line":19,"column":1}},"line":17},"2":{"name":"isTablet","decl":{"start":{"line":22,"column":16},"end":{"line":22,"column":24}},"loc":{"start":{"line":22,"column":36},"end":{"line":24,"column":1}},"line":22},"3":{"name":"s","decl":{"start":{"line":33,"column":16},"end":{"line":33,"column":17}},"loc":{"start":{"line":33,"column":40},"end":{"line":37,"column":1}},"line":33},"4":{"name":"fs","decl":{"start":{"line":43,"column":16},"end":{"line":43,"column":18}},"loc":{"start":{"line":43,"column":41},"end":{"line":47,"column":1}},"line":43},"5":{"name":"screenWidth","decl":{"start":{"line":50,"column":16},"end":{"line":50,"column":27}},"loc":{"start":{"line":50,"column":38},"end":{"line":52,"column":1}},"line":50},"6":{"name":"screenHeight","decl":{"start":{"line":55,"column":16},"end":{"line":55,"column":28}},"loc":{"start":{"line":55,"column":39},"end":{"line":57,"column":1}},"line":55},"7":{"name":"contentMaxWidth","decl":{"start":{"line":64,"column":16},"end":{"line":64,"column":31}},"loc":{"start":{"line":64,"column":54},"end":{"line":66,"column":1}},"line":64}},"branchMap":{"0":{"loc":{"start":{"line":34,"column":2},"end":{"line":34,"column":36}},"type":"if","locations":[{"start":{"line":34,"column":2},"end":{"line":34,"column":36}},{"start":{},"end":{}}],"line":34},"1":{"loc":{"start":{"line":44,"column":2},"end":{"line":44,"column":36}},"type":"if","locations":[{"start":{"line":44,"column":2},"end":{"line":44,"column":36}},{"start":{},"end":{}}],"line":44},"2":{"loc":{"start":{"line":65,"column":9},"end":{"line":65,"column":68}},"type":"cond-expr","locations":[{"start":{"line":65,"column":28},"end":{"line":65,"column":56}},{"start":{"line":65,"column":59},"end":{"line":65,"column":68}}],"line":65}},"s":{"0":5,"1":5,"2":9,"3":9,"4":9,"5":9,"6":5,"7":5,"8":4,"9":4,"10":8,"11":4,"12":4,"13":4,"14":4,"15":2,"16":2,"17":2,"18":1,"19":1,"20":3},"f":{"0":9,"1":4,"2":4,"3":8,"4":4,"5":1,"6":1,"7":3},"b":{"0":[4,4],"1":[2,2],"2":[2,1]},"_coverageSchema":"1a1c01bbd47fc00a2c39e90264f33305004495a9","hash":"5226463936525f15ac438f135551533cb10c0bb1"}
,"D:\\mhcn_app\\teambuilder\\sport-teams\\.claude\\worktrees\\epic-archimedes\\sport-teams\\lib\\theme-colors.ts": {"path":"D:\\mhcn_app\\teambuilder\\sport-teams\\.claude\\worktrees\\epic-archimedes\\sport-teams\\lib\\theme-colors.ts","statementMap":{"0":{"start":{"line":6,"column":28},"end":{"line":23,"column":1}},"1":{"start":{"line":25,"column":27},"end":{"line":42,"column":1}}},"fnMap":{},"branchMap":{},"s":{"0":1,"1":1},"f":{},"b":{},"_coverageSchema":"1a1c01bbd47fc00a2c39e90264f33305004495a9","hash":"7cd40b4a7b045980029c7b3af091233e468ed593"}
,"D:\\mhcn_app\\teambuilder\\sport-teams\\.claude\\worktrees\\practical-dewdney\\sport-teams\\lib\\algo-equilibrage.ts": {"path":"D:\\mhcn_app\\teambuilder\\sport-teams\\.claude\\worktrees\\practical-dewdney\\sport-teams\\lib\\algo-equilibrage.ts","statementMap":{"0":{"start":{"line":15,"column":50},"end":{"line":15,"column":56}},"1":{"start":{"line":17,"column":2},"end":{"line":19,"column":3}},"2":{"start":{"line":18,"column":4},"end":{"line":18,"column":74}},"3":{"start":{"line":22,"column":21},"end":{"line":24,"column":3}},"4":{"start":{"line":23,"column":14},"end":{"line":23,"column":45}},"5":{"start":{"line":27,"column":2},"end":{"line":29,"column":3}},"6":{"start":{"line":28,"column":4},"end":{"line":28,"column":53}},"7":{"start":{"line":32,"column":28},"end":{"line":36,"column":5}},"8":{"start":{"line":32,"column":73},"end":{"line":36,"column":3}},"9":{"start":{"line":39,"column":2},"end":{"line":45,"column":3}},"10":{"start":{"line":40,"column":28},"end":{"line":42,"column":5}},"11":{"start":{"line":41,"column":6},"end":{"line":41,"column":49}},"12":{"start":{"line":43,"column":4},"end":{"line":43,"column":40}},"13":{"start":{"line":44,"column":4},"end":{"line":44,"column":54}},"14":{"start":{"line":47,"column":23},"end":{"line":47,"column":49}},"15":{"start":{"line":49,"column":2},"end":{"line":49,"column":34}},"16":{"start":{"line":53,"column":2},"end":{"line":53,"column":38}},"17":{"start":{"line":53,"column":28},"end":{"line":53,"column":38}},"18":{"start":{"line":55,"column":17},"end":{"line":55,"column":48}},"19":{"start":{"line":55,"column":34},"end":{"line":55,"column":47}},"20":{"start":{"line":56,"column":14},"end":{"line":56,"column":33}},"21":{"start":{"line":57,"column":14},"end":{"line":57,"column":33}},"22":{"start":{"line":58,"column":14},"end":{"line":58,"column":63}},"23":{"start":{"line":58,"column":38},"end":{"line":58,"column":43}},"24":{"start":{"line":60,"column":2},"end":{"line":60,"column":27}},"25":{"start":{"line":60,"column":17},"end":{"line":60,"column":27}},"26":{"start":{"line":62,"column":2},"end":{"line":62,"column":52}},"27":{"start":{"line":67,"column":17},"end":{"line":67,"column":29}},"28":{"start":{"line":68,"column":2},"end":{"line":71,"column":3}},"29":{"start":{"line":68,"column":15},"end":{"line":68,"column":32}},"30":{"start":{"line":69,"column":14},"end":{"line":69,"column":60}},"31":{"start":{"line":70,"column":5},"end":{"line":70,"column":52}},"32":{"start":{"line":72,"column":2},"end":{"line":72,"column":15}}},"fnMap":{"0":{"name":"genererEquipes","decl":{"start":{"line":14,"column":16},"end":{"line":14,"column":30}},"loc":{"start":{"line":14,"column":69},"end":{"line":50,"column":1}},"line":14},"1":{"name":"(anonymous_1)","decl":{"start":{"line":23,"column":4},"end":{"line":23,"column":5}},"loc":{"start":{"line":23,"column":14},"end":{"line":23,"column":45}},"line":23},"2":{"name":"(anonymous_2)","decl":{"start":{"line":32,"column":62},"end":{"line":32,"column":63}},"loc":{"start":{"line":32,"column":73},"end":{"line":36,"column":3}},"line":32},"3":{"name":"(anonymous_3)","decl":{"start":{"line":40,"column":43},"end":{"line":40,"column":44}},"loc":{"start":{"line":41,"column":6},"end":{"line":41,"column":49}},"line":41},"4":{"name":"calculerEquilibre","decl":{"start":{"line":52,"column":16},"end":{"line":52,"column":33}},"loc":{"start":{"line":52,"column":61},"end":{"line":63,"column":1}},"line":52},"5":{"name":"(anonymous_5)","decl":{"start":{"line":55,"column":29},"end":{"line":55,"column":30}},"loc":{"start":{"line":55,"column":34},"end":{"line":55,"column":47}},"line":55},"6":{"name":"(anonymous_6)","decl":{"start":{"line":58,"column":28},"end":{"line":58,"column":29}},"loc":{"start":{"line":58,"column":38},"end":{"line":58,"column":43}},"line":58},"7":{"name":"shuffleAvecVariation","decl":{"start":{"line":65,"column":9},"end":{"line":65,"column":29}},"loc":{"start":{"line":65,"column":59},"end":{"line":73,"column":1}},"line":65}},"branchMap":{"0":{"loc":{"start":{"line":15,"column":30},"end":{"line":15,"column":45}},"type":"default-arg","locations":[{"start":{"line":15,"column":40},"end":{"line":15,"column":45}}],"line":15},"1":{"loc":{"start":{"line":17,"column":2},"end":{"line":19,"column":3}},"type":"if","locations":[{"start":{"line":17,"column":2},"end":{"line":19,"column":3}},{"start":{},"end":{}}],"line":17},"2":{"loc":{"start":{"line":27,"column":2},"end":{"line":29,"column":3}},"type":"if","locations":[{"start":{"line":27,"column":2},"end":{"line":29,"column":3}},{"start":{},"end":{}}],"line":27},"3":{"loc":{"start":{"line":41,"column":6},"end":{"line":41,"column":49}},"type":"cond-expr","locations":[{"start":{"line":41,"column":41},"end":{"line":41,"column":43}},{"start":{"line":41,"column":46},"end":{"line":41,"column":49}}],"line":41},"4":{"loc":{"start":{"line":53,"column":2},"end":{"line":53,"column":38}},"type":"if","locations":[{"start":{"line":53,"column":2},"end":{"line":53,"column":38}},{"start":{},"end":{}}],"line":53},"5":{"loc":{"start":{"line":60,"column":2},"end":{"line":60,"column":27}},"type":"if","locations":[{"start":{"line":60,"column":2},"end":{"line":60,"column":27}},{"start":{},"end":{}}],"line":60}},"s":{"0":7,"1":7,"2":1,"3":6,"4":73,"5":6,"6":2,"7":6,"8":13,"9":6,"10":60,"11":72,"12":60,"13":60,"14":6,"15":6,"16":8,"17":0,"18":8,"19":17,"20":8,"21":8,"22":8,"23":17,"24":8,"25":0,"26":8,"27":2,"28":2,"29":2,"30":18,"31":18,"32":2},"f":{"0":7,"1":73,"2":13,"3":72,"4":8,"5":17,"6":17,"7":2},"b":{"0":[5],"1":[1,6],"2":[2,4],"3":[33,39],"4":[0,8],"5":[0,8]},"_coverageSchema":"1a1c01bbd47fc00a2c39e90264f33305004495a9","hash":"821bf45e0282acd1f7dae7d4b6cd123f63a98414"}
,"D:\\mhcn_app\\teambuilder\\sport-teams\\lib\\algo-equilibrage.ts": {"path":"D:\\mhcn_app\\teambuilder\\sport-teams\\lib\\algo-equilibrage.ts","statementMap":{"0":{"start":{"line":15,"column":50},"end":{"line":15,"column":56}},"1":{"start":{"line":17,"column":2},"end":{"line":19,"column":3}},"2":{"start":{"line":18,"column":4},"end":{"line":18,"column":74}},"3":{"start":{"line":22,"column":21},"end":{"line":24,"column":3}},"4":{"start":{"line":23,"column":14},"end":{"line":23,"column":45}},"5":{"start":{"line":27,"column":2},"end":{"line":29,"column":3}},"6":{"start":{"line":28,"column":4},"end":{"line":28,"column":53}},"7":{"start":{"line":32,"column":28},"end":{"line":36,"column":5}},"8":{"start":{"line":32,"column":73},"end":{"line":36,"column":3}},"9":{"start":{"line":39,"column":2},"end":{"line":45,"column":3}},"10":{"start":{"line":40,"column":28},"end":{"line":42,"column":5}},"11":{"start":{"line":41,"column":6},"end":{"line":41,"column":49}},"12":{"start":{"line":43,"column":4},"end":{"line":43,"column":40}},"13":{"start":{"line":44,"column":4},"end":{"line":44,"column":54}},"14":{"start":{"line":47,"column":23},"end":{"line":47,"column":49}},"15":{"start":{"line":49,"column":2},"end":{"line":49,"column":34}},"16":{"start":{"line":53,"column":2},"end":{"line":53,"column":38}},"17":{"start":{"line":53,"column":28},"end":{"line":53,"column":38}},"18":{"start":{"line":55,"column":17},"end":{"line":55,"column":48}},"19":{"start":{"line":55,"column":34},"end":{"line":55,"column":47}},"20":{"start":{"line":56,"column":14},"end":{"line":56,"column":33}},"21":{"start":{"line":57,"column":14},"end":{"line":57,"column":33}},"22":{"start":{"line":58,"column":14},"end":{"line":58,"column":63}},"23":{"start":{"line":58,"column":38},"end":{"line":58,"column":43}},"24":{"start":{"line":60,"column":2},"end":{"line":60,"column":27}},"25":{"start":{"line":60,"column":17},"end":{"line":60,"column":27}},"26":{"start":{"line":62,"column":2},"end":{"line":62,"column":52}},"27":{"start":{"line":67,"column":17},"end":{"line":67,"column":29}},"28":{"start":{"line":68,"column":2},"end":{"line":71,"column":3}},"29":{"start":{"line":68,"column":15},"end":{"line":68,"column":32}},"30":{"start":{"line":69,"column":14},"end":{"line":69,"column":60}},"31":{"start":{"line":70,"column":5},"end":{"line":70,"column":52}},"32":{"start":{"line":72,"column":2},"end":{"line":72,"column":15}}},"fnMap":{"0":{"name":"genererEquipes","decl":{"start":{"line":14,"column":16},"end":{"line":14,"column":30}},"loc":{"start":{"line":14,"column":69},"end":{"line":50,"column":1}},"line":14},"1":{"name":"(anonymous_1)","decl":{"start":{"line":23,"column":4},"end":{"line":23,"column":5}},"loc":{"start":{"line":23,"column":14},"end":{"line":23,"column":45}},"line":23},"2":{"name":"(anonymous_2)","decl":{"start":{"line":32,"column":62},"end":{"line":32,"column":63}},"loc":{"start":{"line":32,"column":73},"end":{"line":36,"column":3}},"line":32},"3":{"name":"(anonymous_3)","decl":{"start":{"line":40,"column":43},"end":{"line":40,"column":44}},"loc":{"start":{"line":41,"column":6},"end":{"line":41,"column":49}},"line":41},"4":{"name":"calculerEquilibre","decl":{"start":{"line":52,"column":16},"end":{"line":52,"column":33}},"loc":{"start":{"line":52,"column":61},"end":{"line":63,"column":1}},"line":52},"5":{"name":"(anonymous_5)","decl":{"start":{"line":55,"column":29},"end":{"line":55,"column":30}},"loc":{"start":{"line":55,"column":34},"end":{"line":55,"column":47}},"line":55},"6":{"name":"(anonymous_6)","decl":{"start":{"line":58,"column":28},"end":{"line":58,"column":29}},"loc":{"start":{"line":58,"column":38},"end":{"line":58,"column":43}},"line":58},"7":{"name":"shuffleAvecVariation","decl":{"start":{"line":65,"column":9},"end":{"line":65,"column":29}},"loc":{"start":{"line":65,"column":59},"end":{"line":73,"column":1}},"line":65}},"branchMap":{"0":{"loc":{"start":{"line":15,"column":30},"end":{"line":15,"column":45}},"type":"default-arg","locations":[{"start":{"line":15,"column":40},"end":{"line":15,"column":45}}],"line":15},"1":{"loc":{"start":{"line":17,"column":2},"end":{"line":19,"column":3}},"type":"if","locations":[{"start":{"line":17,"column":2},"end":{"line":19,"column":3}},{"start":{},"end":{}}],"line":17},"2":{"loc":{"start":{"line":27,"column":2},"end":{"line":29,"column":3}},"type":"if","locations":[{"start":{"line":27,"column":2},"end":{"line":29,"column":3}},{"start":{},"end":{}}],"line":27},"3":{"loc":{"start":{"line":41,"column":6},"end":{"line":41,"column":49}},"type":"cond-expr","locations":[{"start":{"line":41,"column":41},"end":{"line":41,"column":43}},{"start":{"line":41,"column":46},"end":{"line":41,"column":49}}],"line":41},"4":{"loc":{"start":{"line":53,"column":2},"end":{"line":53,"column":38}},"type":"if","locations":[{"start":{"line":53,"column":2},"end":{"line":53,"column":38}},{"start":{},"end":{}}],"line":53},"5":{"loc":{"start":{"line":60,"column":2},"end":{"line":60,"column":27}},"type":"if","locations":[{"start":{"line":60,"column":2},"end":{"line":60,"column":27}},{"start":{},"end":{}}],"line":60}},"s":{"0":7,"1":7,"2":1,"3":6,"4":72,"5":6,"6":2,"7":6,"8":13,"9":6,"10":60,"11":72,"12":60,"13":60,"14":6,"15":6,"16":8,"17":0,"18":8,"19":17,"20":8,"21":8,"22":8,"23":17,"24":8,"25":0,"26":8,"27":2,"28":2,"29":2,"30":18,"31":18,"32":2},"f":{"0":7,"1":72,"2":13,"3":72,"4":8,"5":17,"6":17,"7":2},"b":{"0":[5],"1":[1,6],"2":[2,4],"3":[33,39],"4":[0,8],"5":[0,8]},"_coverageSchema":"1a1c01bbd47fc00a2c39e90264f33305004495a9","hash":"3b25e59b53ea56ee9d6bab1742072a40417f3429"}
,"D:\\mhcn_app\\teambuilder\\sport-teams\\lib\\theme-colors.ts": {"path":"D:\\mhcn_app\\teambuilder\\sport-teams\\lib\\theme-colors.ts","statementMap":{"0":{"start":{"line":6,"column":28},"end":{"line":23,"column":1}},"1":{"start":{"line":25,"column":27},"end":{"line":42,"column":1}}},"fnMap":{},"branchMap":{},"s":{"0":1,"1":1},"f":{},"b":{},"_coverageSchema":"1a1c01bbd47fc00a2c39e90264f33305004495a9","hash":"b37e66823ccf4da26d382807451c382181b1596c"}
,"D:\\mhcn_app\\teambuilder\\sport-teams\\lib\\validation.ts": {"path":"D:\\mhcn_app\\teambuilder\\sport-teams\\lib\\validation.ts","statementMap":{"0":{"start":{"line":15,"column":22},"end":{"line":20,"column":10}},"1":{"start":{"line":29,"column":2},"end":{"line":29,"column":42}},"2":{"start":{"line":29,"column":33},"end":{"line":29,"column":42}},"3":{"start":{"line":30,"column":2},"end":{"line":34,"column":28}},"4":{"start":{"line":42,"column":12},"end":{"line":42,"column":25}},"5":{"start":{"line":43,"column":2},"end":{"line":43,"column":30}},"6":{"start":{"line":43,"column":20},"end":{"line":43,"column":30}},"7":{"start":{"line":44,"column":2},"end":{"line":44,"column":40}},"8":{"start":{"line":50,"column":2},"end":{"line":50,"column":51}},"9":{"start":{"line":50,"column":39},"end":{"line":50,"column":51}},"10":{"start":{"line":51,"column":12},"end":{"line":51,"column":42}},"11":{"start":{"line":52,"column":2},"end":{"line":58,"column":3}},"12":{"start":{"line":62,"column":2},"end":{"line":62,"column":51}},"13":{"start":{"line":62,"column":39},"end":{"line":62,"column":51}},"14":{"start":{"line":63,"column":12},"end":{"line":63,"column":42}},"15":{"start":{"line":64,"column":2},"end":{"line":69,"column":3}},"16":{"start":{"line":77,"column":2},"end":{"line":77,"column":51}},"17":{"start":{"line":77,"column":39},"end":{"line":77,"column":51}},"18":{"start":{"line":78,"column":12},"end":{"line":78,"column":42}},"19":{"start":{"line":79,"column":2},"end":{"line":86,"column":3}},"20":{"start":{"line":97,"column":2},"end":{"line":111,"column":3}},"21":{"start":{"line":98,"column":4},"end":{"line":98,"column":64}},"22":{"start":{"line":98,"column":55},"end":{"line":98,"column":64}},"23":{"start":{"line":99,"column":4},"end":{"line":102,"column":5}},"24":{"start":{"line":100,"column":6},"end":{"line":100,"column":68}},"25":{"start":{"line":101,"column":6},"end":{"line":101,"column":15}},"26":{"start":{"line":103,"column":19},"end":{"line":103,"column":35}},"27":{"start":{"line":104,"column":4},"end":{"line":104,"column":41}},"28":{"start":{"line":104,"column":32},"end":{"line":104,"column":41}},"29":{"start":{"line":105,"column":18},"end":{"line":105,"column":46}},"30":{"start":{"line":107,"column":4},"end":{"line":107,"column":35}},"31":{"start":{"line":107,"column":26},"end":{"line":107,"column":35}},"32":{"start":{"line":108,"column":4},"end":{"line":108,"column":16}},"33":{"start":{"line":110,"column":4},"end":{"line":110,"column":13}},"34":{"start":{"line":118,"column":2},"end":{"line":118,"column":50}},"35":{"start":{"line":129,"column":2},"end":{"line":140,"column":5}},"36":{"start":{"line":129,"column":28},"end":{"line":140,"column":3}},"37":{"start":{"line":133,"column":34},"end":{"line":139,"column":5}},"38":{"start":{"line":149,"column":12},"end":{"line":149,"column":32}},"39":{"start":{"line":150,"column":2},"end":{"line":150,"column":49}},"40":{"start":{"line":150,"column":22},"end":{"line":150,"column":49}},"41":{"start":{"line":151,"column":2},"end":{"line":151,"column":47}},"42":{"start":{"line":151,"column":20},"end":{"line":151,"column":47}},"43":{"start":{"line":152,"column":2},"end":{"line":152,"column":13}},"44":{"start":{"line":159,"column":12},"end":{"line":159,"column":49}},"45":{"start":{"line":160,"column":2},"end":{"line":160,"column":48}},"46":{"start":{"line":160,"column":22},"end":{"line":160,"column":48}},"47":{"start":{"line":161,"column":2},"end":{"line":161,"column":46}},"48":{"start":{"line":161,"column":20},"end":{"line":161,"column":46}},"49":{"start":{"line":162,"column":2},"end":{"line":162,"column":13}}},"fnMap":{"0":{"name":"sanitizeString","decl":{"start":{"line":28,"column":16},"end":{"line":28,"column":30}},"loc":{"start":{"line":28,"column":86},"end":{"line":35,"column":1}},"line":28},"1":{"name":"validateNumber","decl":{"start":{"line":41,"column":16},"end":{"line":41,"column":30}},"loc":{"start":{"line":41,"column":80},"end":{"line":45,"column":1}},"line":41},"2":{"name":"isValidJoueur","decl":{"start":{"line":49,"column":9},"end":{"line":49,"column":22}},"loc":{"start":{"line":49,"column":52},"end":{"line":59,"column":1}},"line":49},"3":{"name":"isValidEquipe","decl":{"start":{"line":61,"column":9},"end":{"line":61,"column":22}},"loc":{"start":{"line":61,"column":52},"end":{"line":70,"column":1}},"line":61},"4":{"name":"isValidTirage","decl":{"start":{"line":76,"column":16},"end":{"line":76,"column":29}},"loc":{"start":{"line":76,"column":59},"end":{"line":87,"column":1}},"line":76},"5":{"name":"safeParseEquipes","decl":{"start":{"line":96,"column":16},"end":{"line":96,"column":32}},"loc":{"start":{"line":96,"column":58},"end":{"line":112,"column":1}},"line":96},"6":{"name":"safeParseEquilibre","decl":{"start":{"line":117,"column":16},"end":{"line":117,"column":34}},"loc":{"start":{"line":117,"column":59},"end":{"line":119,"column":1}},"line":117},"7":{"name":"sanitizeEquipes","decl":{"start":{"line":128,"column":16},"end":{"line":128,"column":31}},"loc":{"start":{"line":128,"column":61},"end":{"line":141,"column":1}},"line":128},"8":{"name":"(anonymous_8)","decl":{"start":{"line":129,"column":21},"end":{"line":129,"column":22}},"loc":{"start":{"line":129,"column":28},"end":{"line":140,"column":3}},"line":129},"9":{"name":"(anonymous_9)","decl":{"start":{"line":133,"column":28},"end":{"line":133,"column":29}},"loc":{"start":{"line":133,"column":34},"end":{"line":139,"column":5}},"line":133},"10":{"name":"validatePlayerName","decl":{"start":{"line":148,"column":16},"end":{"line":148,"column":34}},"loc":{"start":{"line":148,"column":64},"end":{"line":153,"column":1}},"line":148},"11":{"name":"validateGroupName","decl":{"start":{"line":158,"column":16},"end":{"line":158,"column":33}},"loc":{"start":{"line":158,"column":63},"end":{"line":163,"column":1}},"line":158}},"branchMap":{"0":{"loc":{"start":{"line":28,"column":47},"end":{"line":28,"column":76}},"type":"default-arg","locations":[{"start":{"line":28,"column":59},"end":{"line":28,"column":76}}],"line":28},"1":{"loc":{"start":{"line":29,"column":2},"end":{"line":29,"column":42}},"type":"if","locations":[{"start":{"line":29,"column":2},"end":{"line":29,"column":42}},{"start":{},"end":{}}],"line":29},"2":{"loc":{"start":{"line":41,"column":47},"end":{"line":41,"column":54}},"type":"default-arg","locations":[{"start":{"line":41,"column":53},"end":{"line":41,"column":54}}],"line":41},"3":{"loc":{"start":{"line":41,"column":56},"end":{"line":41,"column":70}},"type":"default-arg","locations":[{"start":{"line":41,"column":62},"end":{"line":41,"column":70}}],"line":41},"4":{"loc":{"start":{"line":43,"column":2},"end":{"line":43,"column":30}},"type":"if","locations":[{"start":{"line":43,"column":2},"end":{"line":43,"column":30}},{"start":{},"end":{}}],"line":43},"5":{"loc":{"start":{"line":50,"column":2},"end":{"line":50,"column":51}},"type":"if","locations":[{"start":{"line":50,"column":2},"end":{"line":50,"column":51}},{"start":{},"end":{}}],"line":50},"6":{"loc":{"start":{"line":50,"column":6},"end":{"line":50,"column":37}},"type":"binary-expr","locations":[{"start":{"line":50,"column":6},"end":{"line":50,"column":10}},{"start":{"line":50,"column":14},"end":{"line":50,"column":37}}],"line":50},"7":{"loc":{"start":{"line":53,"column":4},"end":{"line":57,"column":40}},"type":"binary-expr","locations":[{"start":{"line":53,"column":4},"end":{"line":53,"column":28}},{"start":{"line":53,"column":32},"end":{"line":53,"column":47}},{"start":{"line":54,"column":4},"end":{"line":54,"column":32}},{"start":{"line":55,"column":4},"end":{"line":55,"column":38}},{"start":{"line":55,"column":42},"end":{"line":55,"column":66}},{"start":{"line":56,"column":4},"end":{"line":56,"column":23}},{"start":{"line":56,"column":27},"end":{"line":56,"column":46}},{"start":{"line":57,"column":4},"end":{"line":57,"column":40}}],"line":53},"8":{"loc":{"start":{"line":62,"column":2},"end":{"line":62,"column":51}},"type":"if","locations":[{"start":{"line":62,"column":2},"end":{"line":62,"column":51}},{"start":{},"end":{}}],"line":62},"9":{"loc":{"start":{"line":62,"column":6},"end":{"line":62,"column":37}},"type":"binary-expr","locations":[{"start":{"line":62,"column":6},"end":{"line":62,"column":10}},{"start":{"line":62,"column":14},"end":{"line":62,"column":37}}],"line":62},"10":{"loc":{"start":{"line":65,"column":4},"end":{"line":68,"column":34}},"type":"binary-expr","locations":[{"start":{"line":65,"column":4},"end":{"line":65,"column":29}},{"start":{"line":65,"column":33},"end":{"line":65,"column":56}},{"start":{"line":66,"column":4},"end":{"line":66,"column":37}},{"start":{"line":66,"column":41},"end":{"line":66,"column":64}},{"start":{"line":66,"column":68},"end":{"line":66,"column":86}},{"start":{"line":67,"column":4},"end":{"line":67,"column":28}},{"start":{"line":67,"column":32},"end":{"line":67,"column":52}},{"start":{"line":68,"column":4},"end":{"line":68,"column":34}}],"line":65},"11":{"loc":{"start":{"line":77,"column":2},"end":{"line":77,"column":51}},"type":"if","locations":[{"start":{"line":77,"column":2},"end":{"line":77,"column":51}},{"start":{},"end":{}}],"line":77},"12":{"loc":{"start":{"line":77,"column":6},"end":{"line":77,"column":37}},"type":"binary-expr","locations":[{"start":{"line":77,"column":6},"end":{"line":77,"column":10}},{"start":{"line":77,"column":14},"end":{"line":77,"column":37}}],"line":77},"13":{"loc":{"start":{"line":80,"column":4},"end":{"line":85,"column":50}},"type":"binary-expr","locations":[{"start":{"line":80,"column":4},"end":{"line":80,"column":28}},{"start":{"line":80,"column":32},"end":{"line":80,"column":47}},{"start":{"line":81,"column":4},"end":{"line":81,"column":28}},{"start":{"line":81,"column":32},"end":{"line":81,"column":53}},{"start":{"line":82,"column":4},"end":{"line":82,"column":34}},{"start":{"line":83,"column":4},"end":{"line":83,"column":39}},{"start":{"line":84,"column":4},"end":{"line":84,"column":29}},{"start":{"line":85,"column":4},"end":{"line":85,"column":24}},{"start":{"line":85,"column":28},"end":{"line":85,"column":50}}],"line":80},"14":{"loc":{"start":{"line":98,"column":4},"end":{"line":98,"column":64}},"type":"if","locations":[{"start":{"line":98,"column":4},"end":{"line":98,"column":64}},{"start":{},"end":{}}],"line":98},"15":{"loc":{"start":{"line":98,"column":8},"end":{"line":98,"column":53}},"type":"binary-expr","locations":[{"start":{"line":98,"column":8},"end":{"line":98,"column":32}},{"start":{"line":98,"column":36},"end":{"line":98,"column":53}}],"line":98},"16":{"loc":{"start":{"line":99,"column":4},"end":{"line":102,"column":5}},"type":"if","locations":[{"start":{"line":99,"column":4},"end":{"line":102,"column":5}},{"start":{},"end":{}}],"line":99},"17":{"loc":{"start":{"line":104,"column":4},"end":{"line":104,"column":41}},"type":"if","locations":[{"start":{"line":104,"column":4},"end":{"line":104,"column":41}},{"start":{},"end":{}}],"line":104},"18":{"loc":{"start":{"line":107,"column":4},"end":{"line":107,"column":35}},"type":"if","locations":[{"start":{"line":107,"column":4},"end":{"line":107,"column":35}},{"start":{},"end":{}}],"line":107},"19":{"loc":{"start":{"line":137,"column":20},"end":{"line":137,"column":82}},"type":"cond-expr","locations":[{"start":{"line":137,"column":30},"end":{"line":137,"column":70}},{"start":{"line":137,"column":73},"end":{"line":137,"column":82}}],"line":137},"20":{"loc":{"start":{"line":150,"column":2},"end":{"line":150,"column":49}},"type":"if","locations":[{"start":{"line":150,"column":2},"end":{"line":150,"column":49}},{"start":{},"end":{}}],"line":150},"21":{"loc":{"start":{"line":151,"column":2},"end":{"line":151,"column":47}},"type":"if","locations":[{"start":{"line":151,"column":2},"end":{"line":151,"column":47}},{"start":{},"end":{}}],"line":151},"22":{"loc":{"start":{"line":160,"column":2},"end":{"line":160,"column":48}},"type":"if","locations":[{"start":{"line":160,"column":2},"end":{"line":160,"column":48}},{"start":{},"end":{}}],"line":160},"23":{"loc":{"start":{"line":161,"column":2},"end":{"line":161,"column":46}},"type":"if","locations":[{"start":{"line":161,"column":2},"end":{"line":161,"column":46}},{"start":{},"end":{}}],"line":161}},"s":{"0":1,"1":47,"2":4,"3":43,"4":36,"5":36,"6":7,"7":29,"8":15,"9":0,"10":15,"11":15,"12":20,"13":0,"14":20,"15":20,"16":11,"17":2,"18":9,"19":9,"20":14,"21":14,"22":4,"23":10,"24":1,"25":1,"26":9,"27":7,"28":2,"29":5,"30":5,"31":3,"32":2,"33":2,"34":9,"35":4,"36":8,"37":8,"38":6,"39":6,"40":2,"41":4,"42":1,"43":3,"44":4,"45":4,"46":2,"47":2,"48":1,"49":1},"f":{"0":47,"1":36,"2":15,"3":20,"4":11,"5":14,"6":9,"7":4,"8":8,"9":8,"10":6,"11":4},"b":{"0":[18],"1":[4,43],"2":[0],"3":[8],"4":[7,29],"5":[0,15],"6":[15,15],"7":[15,15,15,15,14,14,14,14],"8":[0,20],"9":[20,20],"10":[20,19,19,18,18,18,18,15],"11":[2,9],"12":[11,9],"13":[9,8,7,7,5,4,4,3,2],"14":[4,10],"15":[14,11],"16":[1,9],"17":[2,5],"18":[3,2],"19":[0,8],"20":[2,4],"21":[1,3],"22":[2,2],"23":[1,1]},"_coverageSchema":"1a1c01bbd47fc00a2c39e90264f33305004495a9","hash":"e4e6711daefc6f041df23abb350e9477c7a32e30"}
}
