{"D:\\mhcn_app\\teambuilder\\sport-teams\\.claude\\worktrees\\cranky-aryabhata\\sport-teams\\lib\\algo-equilibrage.ts": {"path":"D:\\mhcn_app\\teambuilder\\sport-teams\\.claude\\worktrees\\cranky-aryabhata\\sport-teams\\lib\\algo-equilibrage.ts","statementMap":{"0":{"start":{"line":15,"column":50},"end":{"line":15,"column":56}},"1":{"start":{"line":17,"column":2},"end":{"line":19,"column":3}},"2":{"start":{"line":18,"column":4},"end":{"line":18,"column":74}},"3":{"start":{"line":22,"column":21},"end":{"line":24,"column":3}},"4":{"start":{"line":23,"column":14},"end":{"line":23,"column":45}},"5":{"start":{"line":27,"column":2},"end":{"line":29,"column":3}},"6":{"start":{"line":28,"column":4},"end":{"line":28,"column":53}},"7":{"start":{"line":32,"column":28},"end":{"line":36,"column":5}},"8":{"start":{"line":32,"column":73},"end":{"line":36,"column":3}},"9":{"start":{"line":39,"column":2},"end":{"line":45,"column":3}},"10":{"start":{"line":40,"column":28},"end":{"line":42,"column":5}},"11":{"start":{"line":41,"column":6},"end":{"line":41,"column":49}},"12":{"start":{"line":43,"column":4},"end":{"line":43,"column":40}},"13":{"start":{"line":44,"column":4},"end":{"line":44,"column":54}},"14":{"start":{"line":47,"column":23},"end":{"line":47,"column":49}},"15":{"start":{"line":49,"column":2},"end":{"line":49,"column":34}},"16":{"start":{"line":53,"column":2},"end":{"line":53,"column":38}},"17":{"start":{"line":53,"column":28},"end":{"line":53,"column":38}},"18":{"start":{"line":55,"column":17},"end":{"line":55,"column":48}},"19":{"start":{"line":55,"column":34},"end":{"line":55,"column":47}},"20":{"start":{"line":56,"column":14},"end":{"line":56,"column":33}},"21":{"start":{"line":57,"column":14},"end":{"line":57,"column":33}},"22":{"start":{"line":58,"column":14},"end":{"line":58,"column":63}},"23":{"start":{"line":58,"column":38},"end":{"line":58,"column":43}},"24":{"start":{"line":60,"column":2},"end":{"line":60,"column":27}},"25":{"start":{"line":60,"column":17},"end":{"line":60,"column":27}},"26":{"start":{"line":62,"column":2},"end":{"line":62,"column":52}},"27":{"start":{"line":67,"column":17},"end":{"line":67,"column":29}},"28":{"start":{"line":68,"column":2},"end":{"line":71,"column":3}},"29":{"start":{"line":68,"column":15},"end":{"line":68,"column":32}},"30":{"start":{"line":69,"column":14},"end":{"line":69,"column":60}},"31":{"start":{"line":70,"column":5},"end":{"line":70,"column":52}},"32":{"start":{"line":72,"column":2},"end":{"line":72,"column":15}}},"fnMap":{"0":{"name":"genererEquipes","decl":{"start":{"line":14,"column":16},"end":{"line":14,"column":30}},"loc":{"start":{"line":14,"column":69},"end":{"line":50,"column":1}},"line":14},"1":{"name":"(anonymous_1)","decl":{"start":{"line":23,"column":4},"end":{"line":23,"column":5}},"loc":{"start":{"line":23,"column":14},"end":{"line":23,"column":45}},"line":23},"2":{"name":"(anonymous_2)","decl":{"start":{"line":32,"column":62},"end":{"line":32,"column":63}},"loc":{"start":{"line":32,"column":73},"end":{"line":36,"column":3}},"line":32},"3":{"name":"(anonymous_3)","decl":{"start":{"line":40,"column":43},"end":{"line":40,"column":44}},"loc":{"start":{"line":41,"column":6},"end":{"line":41,"column":49}},"line":41},"4":{"name":"calculerEquilibre","decl":{"start":{"line":52,"column":16},"end":{"line":52,"column":33}},"loc":{"start":{"line":52,"column":61},"end":{"line":63,"column":1}},"line":52},"5":{"name":"(anonymous_5)","decl":{"start":{"line":55,"column":29},"end":{"line":55,"column":30}},"loc":{"start":{"line":55,"column":34},"end":{"line":55,"column":47}},"line":55},"6":{"name":"(anonymous_6)","decl":{"start":{"line":58,"column":28},"end":{"line":58,"column":29}},"loc":{"start":{"line":58,"column":38},"end":{"line":58,"column":43}},"line":58},"7":{"name":"shuffleAvecVariation","decl":{"start":{"line":65,"column":9},"end":{"line":65,"column":29}},"loc":{"start":{"line":65,"column":59},"end":{"line":73,"column":1}},"line":65}},"branchMap":{"0":{"loc":{"start":{"line":15,"column":30},"end":{"line":15,"column":45}},"type":"default-arg","locations":[{"start":{"line":15,"column":40},"end":{"line":15,"column":45}}],"line":15},"1":{"loc":{"start":{"line":17,"column":2},"end":{"line":19,"column":3}},"type":"if","locations":[{"start":{"line":17,"column":2},"end":{"line":19,"column":3}},{"start":{},"end":{}}],"line":17},"2":{"loc":{"start":{"line":27,"column":2},"end":{"line":29,"column":3}},"type":"if","locations":[{"start":{"line":27,"column":2},"end":{"line":29,"column":3}},{"start":{},"end":{}}],"line":27},"3":{"loc":{"start":{"line":41,"column":6},"end":{"line":41,"column":49}},"type":"cond-expr","locations":[{"start":{"line":41,"column":41},"end":{"line":41,"column":43}},{"start":{"line":41,"column":46},"end":{"line":41,"column":49}}],"line":41},"4":{"loc":{"start":{"line":53,"column":2},"end":{"line":53,"column":38}},"type":"if","locations":[{"start":{"line":53,"column":2},"end":{"line":53,"column":38}},{"start":{},"end":{}}],"line":53},"5":{"loc":{"start":{"line":60,"column":2},"end":{"line":60,"column":27}},"type":"if","locations":[{"start":{"line":60,"column":2},"end":{"line":60,"column":27}},{"start":{},"end":{}}],"line":60}},"s":{"0":7,"1":7,"2":1,"3":6,"4":73,"5":6,"6":2,"7":6,"8":13,"9":6,"10":60,"11":72,"12":60,"13":60,"14":6,"15":6,"16":8,"17":0,"18":8,"19":17,"20":8,"21":8,"22":8,"23":17,"24":8,"25":0,"26":8,"27":2,"28":2,"29":2,"30":18,"31":18,"32":2},"f":{"0":7,"1":73,"2":13,"3":72,"4":8,"5":17,"6":17,"7":2},"b":{"0":[5],"1":[1,6],"2":[2,4],"3":[31,41],"4":[0,8],"5":[0,8]},"_coverageSchema":"1a1c01bbd47fc00a2c39e90264f33305004495a9","hash":"7a3d180d3f42f5bd589162989aeef6828ce3a292"}
,"D:\\mhcn_app\\teambuilder\\sport-teams\\.claude\\worktrees\\practical-dewdney\\sport-teams\\lib\\algo-equilibrage.ts": {"path":"D:\\mhcn_app\\teambuilder\\sport-teams\\.claude\\worktrees\\practical-dewdney\\sport-teams\\lib\\algo-equilibrage.ts","statementMap":{"0":{"start":{"line":15,"column":50},"end":{"line":15,"column":56}},"1":{"start":{"line":17,"column":2},"end":{"line":19,"column":3}},"2":{"start":{"line":18,"column":4},"end":{"line":18,"column":74}},"3":{"start":{"line":22,"column":21},"end":{"line":24,"column":3}},"4":{"start":{"line":23,"column":14},"end":{"line":23,"column":45}},"5":{"start":{"line":27,"column":2},"end":{"line":29,"column":3}},"6":{"start":{"line":28,"column":4},"end":{"line":28,"column":53}},"7":{"start":{"line":32,"column":28},"end":{"line":36,"column":5}},"8":{"start":{"line":32,"column":73},"end":{"line":36,"column":3}},"9":{"start":{"line":39,"column":2},"end":{"line":45,"column":3}},"10":{"start":{"line":40,"column":28},"end":{"line":42,"column":5}},"11":{"start":{"line":41,"column":6},"end":{"line":41,"column":49}},"12":{"start":{"line":43,"column":4},"end":{"line":43,"column":40}},"13":{"start":{"line":44,"column":4},"end":{"line":44,"column":54}},"14":{"start":{"line":47,"column":23},"end":{"line":47,"column":49}},"15":{"start":{"line":49,"column":2},"end":{"line":49,"column":34}},"16":{"start":{"line":53,"column":2},"end":{"line":53,"column":38}},"17":{"start":{"line":53,"column":28},"end":{"line":53,"column":38}},"18":{"start":{"line":55,"column":17},"end":{"line":55,"column":48}},"19":{"start":{"line":55,"column":34},"end":{"line":55,"column":47}},"20":{"start":{"line":56,"column":14},"end":{"line":56,"column":33}},"21":{"start":{"line":57,"column":14},"end":{"line":57,"column":33}},"22":{"start":{"line":58,"column":14},"end":{"line":58,"column":63}},"23":{"start":{"line":58,"column":38},"end":{"line":58,"column":43}},"24":{"start":{"line":60,"column":2},"end":{"line":60,"column":27}},"25":{"start":{"line":60,"column":17},"end":{"line":60,"column":27}},"26":{"start":{"line":62,"column":2},"end":{"line":62,"column":52}},"27":{"start":{"line":67,"column":17},"end":{"line":67,"column":29}},"28":{"start":{"line":68,"column":2},"end":{"line":71,"column":3}},"29":{"start":{"line":68,"column":15},"end":{"line":68,"column":32}},"30":{"start":{"line":69,"column":14},"end":{"line":69,"column":60}},"31":{"start":{"line":70,"column":5},"end":{"line":70,"column":52}},"32":{"start":{"line":72,"column":2},"end":{"line":72,"column":15}}},"fnMap":{"0":{"name":"genererEquipes","decl":{"start":{"line":14,"column":16},"end":{"line":14,"column":30}},"loc":{"start":{"line":14,"column":69},"end":{"line":50,"column":1}},"line":14},"1":{"name":"(anonymous_1)","decl":{"start":{"line":23,"column":4},"end":{"line":23,"column":5}},"loc":{"start":{"line":23,"column":14},"end":{"line":23,"column":45}},"line":23},"2":{"name":"(anonymous_2)","decl":{"start":{"line":32,"column":62},"end":{"line":32,"column":63}},"loc":{"start":{"line":32,"column":73},"end":{"line":36,"column":3}},"line":32},"3":{"name":"(anonymous_3)","decl":{"start":{"line":40,"column":43},"end":{"line":40,"column":44}},"loc":{"start":{"line":41,"column":6},"end":{"line":41,"column":49}},"line":41},"4":{"name":"calculerEquilibre","decl":{"start":{"line":52,"column":16},"end":{"line":52,"column":33}},"loc":{"start":{"line":52,"column":61},"end":{"line":63,"column":1}},"line":52},"5":{"name":"(anonymous_5)","decl":{"start":{"line":55,"column":29},"end":{"line":55,"column":30}},"loc":{"start":{"line":55,"column":34},"end":{"line":55,"column":47}},"line":55},"6":{"name":"(anonymous_6)","decl":{"start":{"line":58,"column":28},"end":{"line":58,"column":29}},"loc":{"start":{"line":58,"column":38},"end":{"line":58,"column":43}},"line":58},"7":{"name":"shuffleAvecVariation","decl":{"start":{"line":65,"column":9},"end":{"line":65,"column":29}},"loc":{"start":{"line":65,"column":59},"end":{"line":73,"column":1}},"line":65}},"branchMap":{"0":{"loc":{"start":{"line":15,"column":30},"end":{"line":15,"column":45}},"type":"default-arg","locations":[{"start":{"line":15,"column":40},"end":{"line":15,"column":45}}],"line":15},"1":{"loc":{"start":{"line":17,"column":2},"end":{"line":19,"column":3}},"type":"if","locations":[{"start":{"line":17,"column":2},"end":{"line":19,"column":3}},{"start":{},"end":{}}],"line":17},"2":{"loc":{"start":{"line":27,"column":2},"end":{"line":29,"column":3}},"type":"if","locations":[{"start":{"line":27,"column":2},"end":{"line":29,"column":3}},{"start":{},"end":{}}],"line":27},"3":{"loc":{"start":{"line":41,"column":6},"end":{"line":41,"column":49}},"type":"cond-expr","locations":[{"start":{"line":41,"column":41},"end":{"line":41,"column":43}},{"start":{"line":41,"column":46},"end":{"line":41,"column":49}}],"line":41},"4":{"loc":{"start":{"line":53,"column":2},"end":{"line":53,"column":38}},"type":"if","locations":[{"start":{"line":53,"column":2},"end":{"line":53,"column":38}},{"start":{},"end":{}}],"line":53},"5":{"loc":{"start":{"line":60,"column":2},"end":{"line":60,"column":27}},"type":"if","locations":[{"start":{"line":60,"column":2},"end":{"line":60,"column":27}},{"start":{},"end":{}}],"line":60}},"s":{"0":7,"1":7,"2":1,"3":6,"4":73,"5":6,"6":2,"7":6,"8":13,"9":6,"10":60,"11":72,"12":60,"13":60,"14":6,"15":6,"16":8,"17":0,"18":8,"19":17,"20":8,"21":8,"22":8,"23":17,"24":8,"25":0,"26":8,"27":2,"28":2,"29":2,"30":18,"31":18,"32":2},"f":{"0":7,"1":73,"2":13,"3":72,"4":8,"5":17,"6":17,"7":2},"b":{"0":[5],"1":[1,6],"2":[2,4],"3":[33,39],"4":[0,8],"5":[0,8]},"_coverageSchema":"1a1c01bbd47fc00a2c39e90264f33305004495a9","hash":"821bf45e0282acd1f7dae7d4b6cd123f63a98414"}
,"D:\\mhcn_app\\teambuilder\\sport-teams\\lib\\algo-equilibrage.ts": {"path":"D:\\mhcn_app\\teambuilder\\sport-teams\\lib\\algo-equilibrage.ts","statementMap":{"0":{"start":{"line":15,"column":50},"end":{"line":15,"column":56}},"1":{"start":{"line":17,"column":2},"end":{"line":19,"column":3}},"2":{"start":{"line":18,"column":4},"end":{"line":18,"column":74}},"3":{"start":{"line":22,"column":21},"end":{"line":24,"column":3}},"4":{"start":{"line":23,"column":14},"end":{"line":23,"column":45}},"5":{"start":{"line":27,"column":2},"end":{"line":29,"column":3}},"6":{"start":{"line":28,"column":4},"end":{"line":28,"column":53}},"7":{"start":{"line":32,"column":28},"end":{"line":36,"column":5}},"8":{"start":{"line":32,"column":73},"end":{"line":36,"column":3}},"9":{"start":{"line":39,"column":2},"end":{"line":45,"column":3}},"10":{"start":{"line":40,"column":28},"end":{"line":42,"column":5}},"11":{"start":{"line":41,"column":6},"end":{"line":41,"column":49}},"12":{"start":{"line":43,"column":4},"end":{"line":43,"column":40}},"13":{"start":{"line":44,"column":4},"end":{"line":44,"column":54}},"14":{"start":{"line":47,"column":23},"end":{"line":47,"column":49}},"15":{"start":{"line":49,"column":2},"end":{"line":49,"column":34}},"16":{"start":{"line":53,"column":2},"end":{"line":53,"column":38}},"17":{"start":{"line":53,"column":28},"end":{"line":53,"column":38}},"18":{"start":{"line":55,"column":17},"end":{"line":55,"column":48}},"19":{"start":{"line":55,"column":34},"end":{"line":55,"column":47}},"20":{"start":{"line":56,"column":14},"end":{"line":56,"column":33}},"21":{"start":{"line":57,"column":14},"end":{"line":57,"column":33}},"22":{"start":{"line":58,"column":14},"end":{"line":58,"column":63}},"23":{"start":{"line":58,"column":38},"end":{"line":58,"column":43}},"24":{"start":{"line":60,"column":2},"end":{"line":60,"column":27}},"25":{"start":{"line":60,"column":17},"end":{"line":60,"column":27}},"26":{"start":{"line":62,"column":2},"end":{"line":62,"column":52}},"27":{"start":{"line":67,"column":17},"end":{"line":67,"column":29}},"28":{"start":{"line":68,"column":2},"end":{"line":71,"column":3}},"29":{"start":{"line":68,"column":15},"end":{"line":68,"column":32}},"30":{"start":{"line":69,"column":14},"end":{"line":69,"column":60}},"31":{"start":{"line":70,"column":5},"end":{"line":70,"column":52}},"32":{"start":{"line":72,"column":2},"end":{"line":72,"column":15}}},"fnMap":{"0":{"name":"genererEquipes","decl":{"start":{"line":14,"column":16},"end":{"line":14,"column":30}},"loc":{"start":{"line":14,"column":69},"end":{"line":50,"column":1}},"line":14},"1":{"name":"(anonymous_1)","decl":{"start":{"line":23,"column":4},"end":{"line":23,"column":5}},"loc":{"start":{"line":23,"column":14},"end":{"line":23,"column":45}},"line":23},"2":{"name":"(anonymous_2)","decl":{"start":{"line":32,"column":62},"end":{"line":32,"column":63}},"loc":{"start":{"line":32,"column":73},"end":{"line":36,"column":3}},"line":32},"3":{"name":"(anonymous_3)","decl":{"start":{"line":40,"column":43},"end":{"line":40,"column":44}},"loc":{"start":{"line":41,"column":6},"end":{"line":41,"column":49}},"line":41},"4":{"name":"calculerEquilibre","decl":{"start":{"line":52,"column":16},"end":{"line":52,"column":33}},"loc":{"start":{"line":52,"column":61},"end":{"line":63,"column":1}},"line":52},"5":{"name":"(anonymous_5)","decl":{"start":{"line":55,"column":29},"end":{"line":55,"column":30}},"loc":{"start":{"line":55,"column":34},"end":{"line":55,"column":47}},"line":55},"6":{"name":"(anonymous_6)","decl":{"start":{"line":58,"column":28},"end":{"line":58,"column":29}},"loc":{"start":{"line":58,"column":38},"end":{"line":58,"column":43}},"line":58},"7":{"name":"shuffleAvecVariation","decl":{"start":{"line":65,"column":9},"end":{"line":65,"column":29}},"loc":{"start":{"line":65,"column":59},"end":{"line":73,"column":1}},"line":65}},"branchMap":{"0":{"loc":{"start":{"line":15,"column":30},"end":{"line":15,"column":45}},"type":"default-arg","locations":[{"start":{"line":15,"column":40},"end":{"line":15,"column":45}}],"line":15},"1":{"loc":{"start":{"line":17,"column":2},"end":{"line":19,"column":3}},"type":"if","locations":[{"start":{"line":17,"column":2},"end":{"line":19,"column":3}},{"start":{},"end":{}}],"line":17},"2":{"loc":{"start":{"line":27,"column":2},"end":{"line":29,"column":3}},"type":"if","locations":[{"start":{"line":27,"column":2},"end":{"line":29,"column":3}},{"start":{},"end":{}}],"line":27},"3":{"loc":{"start":{"line":41,"column":6},"end":{"line":41,"column":49}},"type":"cond-expr","locations":[{"start":{"line":41,"column":41},"end":{"line":41,"column":43}},{"start":{"line":41,"column":46},"end":{"line":41,"column":49}}],"line":41},"4":{"loc":{"start":{"line":53,"column":2},"end":{"line":53,"column":38}},"type":"if","locations":[{"start":{"line":53,"column":2},"end":{"line":53,"column":38}},{"start":{},"end":{}}],"line":53},"5":{"loc":{"start":{"line":60,"column":2},"end":{"line":60,"column":27}},"type":"if","locations":[{"start":{"line":60,"column":2},"end":{"line":60,"column":27}},{"start":{},"end":{}}],"line":60}},"s":{"0":7,"1":7,"2":1,"3":6,"4":70,"5":6,"6":2,"7":6,"8":13,"9":6,"10":60,"11":72,"12":60,"13":60,"14":6,"15":6,"16":8,"17":0,"18":8,"19":17,"20":8,"21":8,"22":8,"23":17,"24":8,"25":0,"26":8,"27":2,"28":2,"29":2,"30":18,"31":18,"32":2},"f":{"0":7,"1":70,"2":13,"3":72,"4":8,"5":17,"6":17,"7":2},"b":{"0":[5],"1":[1,6],"2":[2,4],"3":[33,39],"4":[0,8],"5":[0,8]},"_coverageSchema":"1a1c01bbd47fc00a2c39e90264f33305004495a9","hash":"3b25e59b53ea56ee9d6bab1742072a40417f3429"}
,"D:\\mhcn_app\\teambuilder\\sport-teams\\lib\\theme-colors.ts": {"path":"D:\\mhcn_app\\teambuilder\\sport-teams\\lib\\theme-colors.ts","statementMap":{"0":{"start":{"line":6,"column":28},"end":{"line":23,"column":1}},"1":{"start":{"line":25,"column":27},"end":{"line":42,"column":1}}},"fnMap":{},"branchMap":{},"s":{"0":1,"1":1},"f":{},"b":{},"_coverageSchema":"1a1c01bbd47fc00a2c39e90264f33305004495a9","hash":"b37e66823ccf4da26d382807451c382181b1596c"}
}
