TN:
SF:.claude\worktrees\cranky-aryabhata\sport-teams\lib\algo-equilibrage.ts
FN:14,genererEquipes
FN:23,(anonymous_1)
FN:32,(anonymous_2)
FN:40,(anonymous_3)
FN:52,calculerEquilibre
FN:55,(anonymous_5)
FN:58,(anonymous_6)
FN:65,shuffleAvecVariation
FNF:8
FNH:8
FNDA:7,genererEquipes
FNDA:73,(anonymous_1)
FNDA:13,(anonymous_2)
FNDA:72,(anonymous_3)
FNDA:8,calculerEquilibre
FNDA:17,(anonymous_5)
FNDA:17,(anonymous_6)
FNDA:2,shuffleAvecVariation
DA:15,7
DA:17,7
DA:18,1
DA:22,6
DA:23,73
DA:27,6
DA:28,2
DA:32,13
DA:39,6
DA:40,60
DA:41,72
DA:43,60
DA:44,60
DA:47,6
DA:49,6
DA:53,8
DA:55,17
DA:56,8
DA:57,8
DA:58,17
DA:60,8
DA:62,8
DA:67,2
DA:68,2
DA:69,18
DA:70,18
DA:72,2
LF:27
LH:27
BRDA:15,0,0,5
BRDA:17,1,0,1
BRDA:17,1,1,6
BRDA:27,2,0,2
BRDA:27,2,1,4
BRDA:41,3,0,31
BRDA:41,3,1,41
BRDA:53,4,0,0
BRDA:53,4,1,8
BRDA:60,5,0,0
BRDA:60,5,1,8
BRF:11
BRH:9
end_of_record
TN:
SF:.claude\worktrees\practical-dewdney\sport-teams\lib\algo-equilibrage.ts
FN:14,genererEquipes
FN:23,(anonymous_1)
FN:32,(anonymous_2)
FN:40,(anonymous_3)
FN:52,calculerEquilibre
FN:55,(anonymous_5)
FN:58,(anonymous_6)
FN:65,shuffleAvecVariation
FNF:8
FNH:8
FNDA:7,genererEquipes
FNDA:73,(anonymous_1)
FNDA:13,(anonymous_2)
FNDA:72,(anonymous_3)
FNDA:8,calculerEquilibre
FNDA:17,(anonymous_5)
FNDA:17,(anonymous_6)
FNDA:2,shuffleAvecVariation
DA:15,7
DA:17,7
DA:18,1
DA:22,6
DA:23,73
DA:27,6
DA:28,2
DA:32,13
DA:39,6
DA:40,60
DA:41,72
DA:43,60
DA:44,60
DA:47,6
DA:49,6
DA:53,8
DA:55,17
DA:56,8
DA:57,8
DA:58,17
DA:60,8
DA:62,8
DA:67,2
DA:68,2
DA:69,18
DA:70,18
DA:72,2
LF:27
LH:27
BRDA:15,0,0,5
BRDA:17,1,0,1
BRDA:17,1,1,6
BRDA:27,2,0,2
BRDA:27,2,1,4
BRDA:41,3,0,33
BRDA:41,3,1,39
BRDA:53,4,0,0
BRDA:53,4,1,8
BRDA:60,5,0,0
BRDA:60,5,1,8
BRF:11
BRH:9
end_of_record
TN:
SF:lib\algo-equilibrage.ts
FN:14,genererEquipes
FN:23,(anonymous_1)
FN:32,(anonymous_2)
FN:40,(anonymous_3)
FN:52,calculerEquilibre
FN:55,(anonymous_5)
FN:58,(anonymous_6)
FN:65,shuffleAvecVariation
FNF:8
FNH:8
FNDA:7,genererEquipes
FNDA:70,(anonymous_1)
FNDA:13,(anonymous_2)
FNDA:72,(anonymous_3)
FNDA:8,calculerEquilibre
FNDA:17,(anonymous_5)
FNDA:17,(anonymous_6)
FNDA:2,shuffleAvecVariation
DA:15,7
DA:17,7
DA:18,1
DA:22,6
DA:23,70
DA:27,6
DA:28,2
DA:32,13
DA:39,6
DA:40,60
DA:41,72
DA:43,60
DA:44,60
DA:47,6
DA:49,6
DA:53,8
DA:55,17
DA:56,8
DA:57,8
DA:58,17
DA:60,8
DA:62,8
DA:67,2
DA:68,2
DA:69,18
DA:70,18
DA:72,2
LF:27
LH:27
BRDA:15,0,0,5
BRDA:17,1,0,1
BRDA:17,1,1,6
BRDA:27,2,0,2
BRDA:27,2,1,4
BRDA:41,3,0,33
BRDA:41,3,1,39
BRDA:53,4,0,0
BRDA:53,4,1,8
BRDA:60,5,0,0
BRDA:60,5,1,8
BRF:11
BRH:9
end_of_record
TN:
SF:lib\theme-colors.ts
FNF:0
FNH:0
DA:6,1
DA:25,1
LF:2
LH:2
BRF:0
BRH:0
end_of_record
