TN:
SF:.claude\worktrees\cranky-aryabhata\sport-teams\lib\algo-equilibrage.ts
FN:14,genererEquipes
FN:23,(anonymous_1)
FN:32,(anonymous_2)
FN:40,(anonymous_3)
FN:52,calculerEquilibre
FN:55,(anonymous_5)
FN:58,(anonymous_6)
FN:65,shuffleAvecVariation
FNF:8
FNH:8
FNDA:7,genererEquipes
FNDA:75,(anonymous_1)
FNDA:13,(anonymous_2)
FNDA:72,(anonymous_3)
FNDA:8,calculerEquilibre
FNDA:17,(anonymous_5)
FNDA:17,(anonymous_6)
FNDA:2,shuffleAvecVariation
DA:15,7
DA:17,7
DA:18,1
DA:22,6
DA:23,75
DA:27,6
DA:28,2
DA:32,13
DA:39,6
DA:40,60
DA:41,72
DA:43,60
DA:44,60
DA:47,6
DA:49,6
DA:53,8
DA:55,17
DA:56,8
DA:57,8
DA:58,17
DA:60,8
DA:62,8
DA:67,2
DA:68,2
DA:69,18
DA:70,18
DA:72,2
LF:27
LH:27
BRDA:15,0,0,5
BRDA:17,1,0,1
BRDA:17,1,1,6
BRDA:27,2,0,2
BRDA:27,2,1,4
BRDA:41,3,0,33
BRDA:41,3,1,39
BRDA:53,4,0,0
BRDA:53,4,1,8
BRDA:60,5,0,0
BRDA:60,5,1,8
BRF:11
BRH:9
end_of_record
TN:
SF:.claude\worktrees\epic-archimedes\sport-teams\lib\algo-equilibrage.ts
FN:14,genererEquipes
FN:23,(anonymous_1)
FN:32,(anonymous_2)
FN:40,(anonymous_3)
FN:52,calculerEquilibre
FN:55,(anonymous_5)
FN:58,(anonymous_6)
FN:66,shuffleAvecVariation
FNF:8
FNH:8
FNDA:30,genererEquipes
FNDA:5088,(anonymous_1)
FNDA:63,(anonymous_2)
FNDA:2157,(anonymous_3)
FNDA:37,calculerEquilibre
FNDA:80,(anonymous_5)
FNDA:80,(anonymous_6)
FNDA:12,shuffleAvecVariation
DA:15,30
DA:17,30
DA:18,3
DA:22,27
DA:23,5088
DA:27,27
DA:28,12
DA:32,63
DA:39,27
DA:40,915
DA:41,2157
DA:43,915
DA:44,915
DA:47,27
DA:49,27
DA:53,37
DA:55,80
DA:56,36
DA:57,36
DA:58,80
DA:60,36
DA:62,32
DA:63,32
DA:68,12
DA:69,12
DA:70,208
DA:71,208
DA:73,12
LF:28
LH:28
BRDA:15,0,0,18
BRDA:17,1,0,3
BRDA:17,1,1,27
BRDA:27,2,0,12
BRDA:27,2,1,15
BRDA:41,3,0,835
BRDA:41,3,1,1322
BRDA:53,4,0,1
BRDA:53,4,1,36
BRDA:60,5,0,4
BRDA:60,5,1,32
BRDA:60,6,0,36
BRDA:60,6,1,34
BRDA:60,6,2,32
BRF:14
BRH:14
end_of_record
TN:
SF:.claude\worktrees\epic-archimedes\sport-teams\lib\cache.ts
FN:4,cacheGet
FN:11,cacheSet
FN:15,cacheInvalidate
FN:21,cacheClear
FNF:4
FNH:4
FNDA:22,cacheGet
FNDA:22,cacheSet
FNDA:4,cacheInvalidate
FNDA:17,cacheClear
DA:1,1
DA:2,1
DA:5,22
DA:6,22
DA:7,14
DA:8,13
DA:12,22
DA:16,4
DA:17,7
DA:22,17
LF:10
LH:10
BRDA:6,0,0,8
BRDA:6,0,1,14
BRDA:7,1,0,1
BRDA:7,1,1,13
BRDA:17,2,0,5
BRDA:17,2,1,2
BRF:6
BRH:6
end_of_record
TN:
SF:.claude\worktrees\epic-archimedes\sport-teams\lib\responsive.ts
FN:7,getMetrics
FN:17,(anonymous_1)
FN:22,isTablet
FN:33,s
FN:43,fs
FN:50,screenWidth
FN:55,screenHeight
FN:64,contentMaxWidth
FNF:8
FNH:8
FNDA:9,getMetrics
FNDA:4,(anonymous_1)
FNDA:4,isTablet
FNDA:8,s
FNDA:4,fs
FNDA:1,screenWidth
FNDA:1,screenHeight
FNDA:3,contentMaxWidth
DA:4,5
DA:5,5
DA:8,9
DA:9,9
DA:10,9
DA:11,9
DA:14,5
DA:17,5
DA:18,4
DA:23,4
DA:34,8
DA:35,4
DA:36,4
DA:44,4
DA:45,2
DA:46,2
DA:51,1
DA:56,1
DA:65,3
LF:19
LH:19
BRDA:34,0,0,4
BRDA:34,0,1,4
BRDA:44,1,0,2
BRDA:44,1,1,2
BRDA:65,2,0,2
BRDA:65,2,1,1
BRF:6
BRH:6
end_of_record
TN:
SF:.claude\worktrees\epic-archimedes\sport-teams\lib\theme-colors.ts
FNF:0
FNH:0
DA:6,1
DA:25,1
LF:2
LH:2
BRF:0
BRH:0
end_of_record
TN:
SF:.claude\worktrees\practical-dewdney\sport-teams\lib\algo-equilibrage.ts
FN:14,genererEquipes
FN:23,(anonymous_1)
FN:32,(anonymous_2)
FN:40,(anonymous_3)
FN:52,calculerEquilibre
FN:55,(anonymous_5)
FN:58,(anonymous_6)
FN:65,shuffleAvecVariation
FNF:8
FNH:8
FNDA:7,genererEquipes
FNDA:73,(anonymous_1)
FNDA:13,(anonymous_2)
FNDA:72,(anonymous_3)
FNDA:8,calculerEquilibre
FNDA:17,(anonymous_5)
FNDA:17,(anonymous_6)
FNDA:2,shuffleAvecVariation
DA:15,7
DA:17,7
DA:18,1
DA:22,6
DA:23,73
DA:27,6
DA:28,2
DA:32,13
DA:39,6
DA:40,60
DA:41,72
DA:43,60
DA:44,60
DA:47,6
DA:49,6
DA:53,8
DA:55,17
DA:56,8
DA:57,8
DA:58,17
DA:60,8
DA:62,8
DA:67,2
DA:68,2
DA:69,18
DA:70,18
DA:72,2
LF:27
LH:27
BRDA:15,0,0,5
BRDA:17,1,0,1
BRDA:17,1,1,6
BRDA:27,2,0,2
BRDA:27,2,1,4
BRDA:41,3,0,33
BRDA:41,3,1,39
BRDA:53,4,0,0
BRDA:53,4,1,8
BRDA:60,5,0,0
BRDA:60,5,1,8
BRF:11
BRH:9
end_of_record
TN:
SF:lib\algo-equilibrage.ts
FN:14,genererEquipes
FN:23,(anonymous_1)
FN:32,(anonymous_2)
FN:40,(anonymous_3)
FN:52,calculerEquilibre
FN:55,(anonymous_5)
FN:58,(anonymous_6)
FN:65,shuffleAvecVariation
FNF:8
FNH:8
FNDA:7,genererEquipes
FNDA:72,(anonymous_1)
FNDA:13,(anonymous_2)
FNDA:72,(anonymous_3)
FNDA:8,calculerEquilibre
FNDA:17,(anonymous_5)
FNDA:17,(anonymous_6)
FNDA:2,shuffleAvecVariation
DA:15,7
DA:17,7
DA:18,1
DA:22,6
DA:23,72
DA:27,6
DA:28,2
DA:32,13
DA:39,6
DA:40,60
DA:41,72
DA:43,60
DA:44,60
DA:47,6
DA:49,6
DA:53,8
DA:55,17
DA:56,8
DA:57,8
DA:58,17
DA:60,8
DA:62,8
DA:67,2
DA:68,2
DA:69,18
DA:70,18
DA:72,2
LF:27
LH:27
BRDA:15,0,0,5
BRDA:17,1,0,1
BRDA:17,1,1,6
BRDA:27,2,0,2
BRDA:27,2,1,4
BRDA:41,3,0,33
BRDA:41,3,1,39
BRDA:53,4,0,0
BRDA:53,4,1,8
BRDA:60,5,0,0
BRDA:60,5,1,8
BRF:11
BRH:9
end_of_record
TN:
SF:lib\theme-colors.ts
FNF:0
FNH:0
DA:6,1
DA:25,1
LF:2
LH:2
BRF:0
BRH:0
end_of_record
TN:
SF:lib\validation.ts
FN:28,sanitizeString
FN:41,validateNumber
FN:49,isValidJoueur
FN:61,isValidEquipe
FN:76,isValidTirage
FN:96,safeParseEquipes
FN:117,safeParseEquilibre
FN:128,sanitizeEquipes
FN:129,(anonymous_8)
FN:133,(anonymous_9)
FN:148,validatePlayerName
FN:158,validateGroupName
FNF:12
FNH:12
FNDA:47,sanitizeString
FNDA:36,validateNumber
FNDA:15,isValidJoueur
FNDA:20,isValidEquipe
FNDA:11,isValidTirage
FNDA:14,safeParseEquipes
FNDA:9,safeParseEquilibre
FNDA:4,sanitizeEquipes
FNDA:8,(anonymous_8)
FNDA:8,(anonymous_9)
FNDA:6,validatePlayerName
FNDA:4,validateGroupName
DA:15,1
DA:29,47
DA:30,43
DA:42,36
DA:43,36
DA:44,29
DA:50,15
DA:51,15
DA:52,15
DA:62,20
DA:63,20
DA:64,20
DA:77,11
DA:78,9
DA:79,9
DA:97,14
DA:98,14
DA:99,10
DA:100,1
DA:101,1
DA:103,9
DA:104,7
DA:105,5
DA:107,5
DA:108,2
DA:110,2
DA:118,9
DA:129,8
DA:133,8
DA:149,6
DA:150,6
DA:151,4
DA:152,3
DA:159,4
DA:160,4
DA:161,2
DA:162,1
LF:37
LH:37
BRDA:28,0,0,18
BRDA:29,1,0,4
BRDA:29,1,1,43
BRDA:41,2,0,0
BRDA:41,3,0,8
BRDA:43,4,0,7
BRDA:43,4,1,29
BRDA:50,5,0,0
BRDA:50,5,1,15
BRDA:50,6,0,15
BRDA:50,6,1,15
BRDA:53,7,0,15
BRDA:53,7,1,15
BRDA:53,7,2,15
BRDA:53,7,3,15
BRDA:53,7,4,14
BRDA:53,7,5,14
BRDA:53,7,6,14
BRDA:53,7,7,14
BRDA:62,8,0,0
BRDA:62,8,1,20
BRDA:62,9,0,20
BRDA:62,9,1,20
BRDA:65,10,0,20
BRDA:65,10,1,19
BRDA:65,10,2,19
BRDA:65,10,3,18
BRDA:65,10,4,18
BRDA:65,10,5,18
BRDA:65,10,6,18
BRDA:65,10,7,15
BRDA:77,11,0,2
BRDA:77,11,1,9
BRDA:77,12,0,11
BRDA:77,12,1,9
BRDA:80,13,0,9
BRDA:80,13,1,8
BRDA:80,13,2,7
BRDA:80,13,3,7
BRDA:80,13,4,5
BRDA:80,13,5,4
BRDA:80,13,6,4
BRDA:80,13,7,3
BRDA:80,13,8,2
BRDA:98,14,0,4
BRDA:98,14,1,10
BRDA:98,15,0,14
BRDA:98,15,1,11
BRDA:99,16,0,1
BRDA:99,16,1,9
BRDA:104,17,0,2
BRDA:104,17,1,5
BRDA:107,18,0,3
BRDA:107,18,1,2
BRDA:137,19,0,0
BRDA:137,19,1,8
BRDA:150,20,0,2
BRDA:150,20,1,4
BRDA:151,21,0,1
BRDA:151,21,1,3
BRDA:160,22,0,2
BRDA:160,22,1,2
BRDA:161,23,0,1
BRDA:161,23,1,1
BRF:64
BRH:60
end_of_record
